Step: build-step-credential-initializer:

{"level":"warn","ts":1547712191.884725,"logger":"fallback-logger","caller":"logging/config.go:65","msg":"Fetch GitHub commit ID from kodata failed: \"ref: refs/heads/test\" is not a valid GitHub commit ID"}
{"level":"info","ts":1547712191.8850768,"logger":"fallback-logger","caller":"creds-init/main.go:40","msg":"Credentials initialized."}
Step: build-step-git-source-0:

{"level":"warn","ts":1547712192.985774,"logger":"fallback-logger","caller":"logging/config.go:65","msg":"Fetch GitHub commit ID from kodata failed: \"ref: refs/heads/test\" is not a valid GitHub commit ID"}
{"level":"info","ts":1547712194.0249152,"logger":"fallback-logger","caller":"git-init/main.go:92","msg":"Successfully cloned \"https://github.com/jenkins-x-charts/knative.git\" @ \"01c281d85d13f1d64cd0494bff8df91494dfa9fe\" in path \"/workspace\""}
Step: build-step-credentials:

Tag v0.1.9 created and pushed to remote origin
Step: build-step-release:

rm -rf charts
rm -rf knative-build*.tgz
rm -rf requirements.lock
helm init --client-only
Creating /builder/home/.helm 
Creating /builder/home/.helm/repository 
Creating /builder/home/.helm/repository/cache 
Creating /builder/home/.helm/repository/local 
Creating /builder/home/.helm/plugins 
Creating /builder/home/.helm/starters 
Creating /builder/home/.helm/cache/archive 
Creating /builder/home/.helm/repository/repositories.yaml 
Adding stable repo with URL: https://kubernetes-charts.storage.googleapis.com 
Adding local repo with URL: http://127.0.0.1:8879/charts 
$HELM_HOME has been configured at /builder/home/.helm.
Not installing Tiller due to 'client-only' flag having been set
Happy Helming!
helm repo add jenkins-x-api https://chartmuseum.build.cd.jenkins-x.io 	
"jenkins-x-api" has been added to your repositories
helm repo add jenkinsxio https://chartmuseum.jx.cd.jenkins-x.io 
"jenkinsxio" has been added to your repositories
helm dependency build
No requirements found in ./charts.
helm lint
==> Linting .
Lint OK

1 chart(s) linted, no failures
sed -i -e "s/version:.*/version: 0.1.9/" Chart.yaml
helm package .
Successfully packaged chart and saved it to: /workspace/knative-build/knative-build-0.1.9.tgz
curl --fail -u admin:jxadmin18 --data-binary "@knative-build-0.1.9.tgz" http://jenkins-x-chartmuseum:8080/api/charts
  % Total    % Received % Xferd  Average Speed   Time    Time     Time  Current
                                 Dload  Upload   Total   Spent    Left  Speed
  0     0    0     0    0     0      0      0 --:--:-- --:--:-- --:--:--     0100  4355  100    14  100  4341     57  17844 --:--:-- --:--:-- --:--:-- 17864
{"saved":true}rm -rf knative-build*.tgz
