Step: build-step-credential-initializer:

Step: build-step-git-source:

Step: build-step-jenkins:

Picked up _JAVA_OPTIONS: -Xmx2048m
Started
Running in Durability level: PERFORMANCE_OPTIMIZED
  75.659 [id=30]	WARNING	i.f.k.c.i.VersionUsageUtils#alert: The client is using resource type 'customresourcedefinitions' with unstable version 'v1beta1'
[Pipeline] node
Running on Jenkins in /tmp/jenkinsTests.tmp/jenkins3367754222841024937test/workspace/job
[Pipeline] {
[Pipeline] stage
[Pipeline] { (Declarative: Checkout SCM)
 120.288 [id=70]	WARNING	o.j.plugins.workflow.cps.DSL#invokeStep: Error storing the arguments for step: checkout
org.kohsuke.stapler.NoStaplerConstructorException: There's no @DataBoundConstructor on any constructor of class io.jenkins.jenkinsfile.runner.FileSystemSCM
	at org.kohsuke.stapler.ClassDescriptor.loadConstructorParamNames(ClassDescriptor.java:265)
	at org.jenkinsci.plugins.structs.describable.DescribableModel.<init>(DescribableModel.java:144)
	at org.jenkinsci.plugins.structs.describable.DescribableModel.of(DescribableModel.java:114)
	at org.jenkinsci.plugins.workflow.cps.actions.ArgumentsActionImpl.sanitizeObjectAndRecordMutation(ArgumentsActionImpl.java:294)
	at org.jenkinsci.plugins.workflow.cps.actions.ArgumentsActionImpl.sanitizeMapAndRecordMutation(ArgumentsActionImpl.java:386)
	at org.jenkinsci.plugins.workflow.cps.actions.ArgumentsActionImpl.<init>(ArgumentsActionImpl.java:74)
	at org.jenkinsci.plugins.workflow.cps.DSL.invokeStep(DSL.java:245)
	at org.jenkinsci.plugins.workflow.cps.DSL.invokeMethod(DSL.java:178)
	at org.jenkinsci.plugins.workflow.cps.CpsScript.invokeMethod(CpsScript.java:122)
	at org.codehaus.groovy.runtime.callsite.PogoMetaClassSite.call(PogoMetaClassSite.java:48)
	at org.codehaus.groovy.runtime.callsite.CallSiteArray.defaultCall(CallSiteArray.java:48)
	at org.codehaus.groovy.runtime.callsite.AbstractCallSite.call(AbstractCallSite.java:113)
	at com.cloudbees.groovy.cps.sandbox.DefaultInvoker.methodCall(DefaultInvoker.java:20)
	at com.cloudbees.groovy.cps.impl.ContinuationGroup.methodCall(ContinuationGroup.java:57)
	at com.cloudbees.groovy.cps.impl.FunctionCallBlock$ContinuationImpl.dispatchOrArg(FunctionCallBlock.java:109)
	at com.cloudbees.groovy.cps.impl.FunctionCallBlock$ContinuationImpl.fixArg(FunctionCallBlock.java:82)
	at sun.reflect.GeneratedMethodAccessor146.invoke(Unknown Source)
	at sun.reflect.DelegatingMethodAccessorImpl.invoke(DelegatingMethodAccessorImpl.java:43)
	at java.lang.reflect.Method.invoke(Method.java:498)
	at com.cloudbees.groovy.cps.impl.ContinuationPtr$ContinuationImpl.receive(ContinuationPtr.java:72)
	at com.cloudbees.groovy.cps.impl.PropertyishBlock$ContinuationImpl.get(PropertyishBlock.java:76)
	at com.cloudbees.groovy.cps.LValueBlock$GetAdapter.receive(LValueBlock.java:30)
	at com.cloudbees.groovy.cps.impl.PropertyishBlock$ContinuationImpl.fixName(PropertyishBlock.java:66)
	at sun.reflect.GeneratedMethodAccessor154.invoke(Unknown Source)
	at sun.reflect.DelegatingMethodAccessorImpl.invoke(DelegatingMethodAccessorImpl.java:43)
	at java.lang.reflect.Method.invoke(Method.java:498)
	at com.cloudbees.groovy.cps.impl.ContinuationPtr$ContinuationImpl.receive(ContinuationPtr.java:72)
	at com.cloudbees.groovy.cps.impl.ConstantBlock.eval(ConstantBlock.java:21)
	at com.cloudbees.groovy.cps.Next.step(Next.java:83)
	at com.cloudbees.groovy.cps.Continuable$1.call(Continuable.java:174)
	at com.cloudbees.groovy.cps.Continuable$1.call(Continuable.java:163)
	at org.codehaus.groovy.runtime.GroovyCategorySupport$ThreadCategoryInfo.use(GroovyCategorySupport.java:129)
	at org.codehaus.groovy.runtime.GroovyCategorySupport.use(GroovyCategorySupport.java:268)
	at com.cloudbees.groovy.cps.Continuable.run0(Continuable.java:163)
	at org.jenkinsci.plugins.workflow.cps.SandboxContinuable.access$101(SandboxContinuable.java:34)
	at org.jenkinsci.plugins.workflow.cps.SandboxContinuable.lambda$run0$0(SandboxContinuable.java:59)
	at org.jenkinsci.plugins.scriptsecurity.sandbox.groovy.GroovySandbox.runInSandbox(GroovySandbox.java:108)
	at org.jenkinsci.plugins.workflow.cps.SandboxContinuable.run0(SandboxContinuable.java:58)
	at org.jenkinsci.plugins.workflow.cps.CpsThread.runNextChunk(CpsThread.java:182)
	at org.jenkinsci.plugins.workflow.cps.CpsThreadGroup.run(CpsThreadGroup.java:332)
	at org.jenkinsci.plugins.workflow.cps.CpsThreadGroup.access$200(CpsThreadGroup.java:83)
	at org.jenkinsci.plugins.workflow.cps.CpsThreadGroup$2.call(CpsThreadGroup.java:244)
	at org.jenkinsci.plugins.workflow.cps.CpsThreadGroup$2.call(CpsThreadGroup.java:232)
	at org.jenkinsci.plugins.workflow.cps.CpsVmExecutorService$2.call(CpsVmExecutorService.java:64)
	at java.util.concurrent.FutureTask.run(FutureTask.java:266)
	at hudson.remoting.SingleLaneExecutorService$1.run(SingleLaneExecutorService.java:131)
	at jenkins.util.ContextResettingExecutorService$1.run(ContextResettingExecutorService.java:28)
	at jenkins.security.ImpersonatingExecutorService$1.run(ImpersonatingExecutorService.java:59)
	at java.util.concurrent.Executors$RunnableAdapter.call(Executors.java:511)
	at java.util.concurrent.FutureTask.run(FutureTask.java:266)
	at java.util.concurrent.ThreadPoolExecutor.runWorker(ThreadPoolExecutor.java:1149)
	at java.util.concurrent.ThreadPoolExecutor$Worker.run(ThreadPoolExecutor.java:624)
	at java.lang.Thread.run(Thread.java:748)
[Pipeline] checkout
[Pipeline] }
[Pipeline] // stage
[Pipeline] withCredentials
[Pipeline] {
[Pipeline] withEnv
[Pipeline] {
[Pipeline] stage
[Pipeline] { (CI Build and push snapshot)
[Pipeline] withEnv
[Pipeline] {
[Pipeline] sh
+ ./build.sh ci
+ '[' 1 -lt 1 ']'
+ type=ci
+ '[' ci == ci ']'
+ build_ci
+ make ci
go: finding github.com/hashicorp/go-immutable-radix v1.0.0
go: finding github.com/opencontainers/runc v0.1.1
go: finding github.com/google/wire v0.2.0
go: finding github.com/zach-klippenstein/goregen v0.0.0-20160303162051-795b5e3961ea
go: finding github.com/sirupsen/logrus v1.2.0
go: finding github.com/mattbaird/jsonpatch v0.0.0-20171005235357-81af80346b1a
go: finding github.com/smartystreets/assertions v0.0.0-20180927180507-b2de0cb4f26d
go: finding github.com/cenkalti/backoff v2.0.0+incompatible
go: finding github.com/hashicorp/serf v0.8.1
go: finding github.com/Azure/go-ansiterm v0.0.0-20170929234023-d6e3b3328b78
go: finding github.com/mitchellh/mapstructure v1.1.2
go: finding github.com/DataDog/datadog-go v0.0.0-20180822151419-281ae9f2d895
go: finding github.com/google/gxui v0.0.0-20151028112939-f85e0a97b3a4
go: finding github.com/spf13/cobra v0.0.3
go: finding github.com/stretchr/objx v0.1.1
go: finding github.com/Microsoft/go-winio v0.4.11
go: finding gopkg.in/ini.v1 v1.39.2
go: finding gopkg.in/asn1-ber.v1 v1.0.0-20181015200546-f715ec2f112d
go: finding k8s.io/api v0.0.0-20180628040859-072894a440bd
go: finding github.com/tv42/httpunix v0.0.0-20150427012821-b75d8614f926
go: finding github.com/hashicorp/vault-plugin-secrets-kv v0.0.0-20181106190520-2236f141171e
go: finding github.com/spf13/pflag v1.0.1
go: finding github.com/pborman/uuid v1.2.0
go: finding github.com/konsorten/go-windows-terminal-sequences v1.0.1
go: finding github.com/elazarl/goproxy v0.0.0-20181111060418-2ce16c963a8a
go: finding gopkg.in/mgo.v2 v2.0.0-20180705113604-9856a29383ce
go: finding golang.org/x/crypto v0.0.0-20181015023909-0c41d7ab0a0e
go: finding github.com/davecgh/go-spew v1.1.1
go: finding k8s.io/gengo v0.0.0-20180718083919-906d99f89cd6
go: finding github.com/flynn/go-shlex v0.0.0-20150515145356-3f9db97f8568
go: finding github.com/denisenkom/go-mssqldb v0.0.0-20181014144952-4e0d7dc8888f
go: finding github.com/jtolds/gls v4.2.1+incompatible
go: finding github.com/dimfeld/httppath v0.0.0-20170720192232-ee938bf73598
go: finding github.com/lusis/go-slackbot v0.0.0-20180109053408-401027ccfef5
go: finding golang.org/x/net v0.0.0-20181011144130-49bb7cea24b1
go: finding github.com/circonus-labs/circonusllhist v0.1.3
go: finding github.com/golang/groupcache v0.0.0-20181024230925-c65c006176ff
go: finding github.com/bmizerany/assert v0.0.0-20160611221934-b7ed37b82869
go: finding github.com/jenkins-x/jx v1.3.636
go: finding gopkg.in/vmihailenco/msgpack.v2 v2.9.1
go: finding k8s.io/apiextensions-apiserver v0.0.0-20180621085152-bbc52469f98b
go: finding k8s.io/apimachinery v0.0.0-20180621070125-103fd098999d
go: finding github.com/alcortesm/tgz v0.0.0-20161220082320-9c5fe88206d7
go: finding github.com/patrickmn/go-cache v2.1.0+incompatible
go: finding github.com/lusis/slack-test v0.0.0-20180109053238-3c758769bfa6
go: finding github.com/sean-/seed v0.0.0-20170313163322-e2103e2c3529
go: finding github.com/SAP/go-hdb v0.13.1
go: finding github.com/google/uuid v1.0.0
go: finding github.com/go-ole/go-ole v1.2.1
go: finding github.com/evanphx/json-patch v4.1.0+incompatible
go: finding github.com/gophercloud/gophercloud v0.0.0-20180721014243-9bb899a7c1d9
go: finding github.com/json-iterator/go v0.0.0-20180701071628-ab8a2e0c74be
go: finding github.com/spf13/afero v1.1.1
go: finding github.com/armon/go-metrics v0.0.0-20180917152333-f0300d1749da
go: finding github.com/bouk/monkey v1.0.0
go: finding github.com/bitly/go-hostpool v0.0.0-20171023180738-a3a6125de932
go: finding github.com/gorilla/mux v1.6.2
go: finding github.com/googleapis/gax-go v2.0.0+incompatible
go: finding github.com/gorilla/context v1.1.1
go: finding github.com/fatih/structs v1.0.0
go: finding github.com/hashicorp/go-rootcerts v0.0.0-20160503143440-6bb64b370b90
go: finding github.com/opencontainers/image-spec v1.0.1
go: finding github.com/hashicorp/golang-lru v0.5.0
go: finding github.com/prometheus/client_golang v0.8.0
go: finding golang.org/x/tools v0.0.0-20181017214349-06f26fdaaa28
go: finding github.com/shirou/w32 v0.0.0-20160930032740-bb4de0191aa4
go: finding github.com/hpcloud/tail v1.0.0
go: finding github.com/json-iterator/go v1.1.5
go: finding github.com/gopherjs/gopherjs v0.0.0-20181103185306-d547d1d9531e
go: finding github.com/trivago/tgo v1.0.1
go: finding github.com/c2h5oh/datasize v0.0.0-20171227191756-4eba002a5eae
go: finding github.com/gfleury/go-bitbucket-v1 v0.0.0-20181102191809-4910839b609e
go: finding github.com/blang/semver v3.5.1+incompatible
go: finding golang.org/x/text v0.3.0
go: finding github.com/codeship/codeship-go v0.0.0-20180717142545-7793ca823354
go: finding gopkg.in/inf.v0 v0.9.1
go: finding github.com/mailru/easyjson v0.0.0-20180823135443-60711f1a8329
go: finding github.com/rifflock/lfshook v0.0.0-20180227222202-bf539943797a
go: finding github.com/gotestyourself/gotestyourself v2.2.0+incompatible
go: finding github.com/wbrefvem/go-bitbucket v0.0.0-20180917214347-1c96061fe622
go: finding github.com/pelletier/go-toml v1.2.0
go: finding github.com/fatih/color v1.7.0
go: finding github.com/petergtz/pegomock v0.0.0-20181203230027-c2029ea15f8d
go: finding k8s.io/kube-openapi v0.0.0-20180719232738-d8ea2fe547a4
go: finding github.com/peterbourgon/diskv v2.0.1+incompatible
go: finding github.com/chromedp/cdproto v0.0.0-20180720050708-57cf4773008d
go: finding github.com/onsi/ginkgo v1.6.0
go: finding github.com/Azure/draft v0.15.0
go: finding github.com/google/martian v2.1.0+incompatible
go: finding github.com/hashicorp/memberlist v0.1.0
go: finding github.com/jenkins-x/draft-repo v0.0.0-20180417100212-2f66cc518135
go: finding gopkg.in/tomb.v1 v1.0.0-20141024135613-dd632973f1e7
go: finding golang.org/x/sys v0.0.0-20180905080454-ebe1bf3edb33
go: finding github.com/sirupsen/logrus v1.0.6
go: finding cloud.google.com/go v0.25.0
go: finding github.com/src-d/gcfg v1.3.0
go: finding golang.org/x/image v0.0.0-20180708004352-c73c2afc3b81
go: finding github.com/hashicorp/go-cleanhttp v0.5.0
go: finding github.com/prometheus/client_model v0.0.0-20180712105110-5c3871d89910
go: finding github.com/mitchellh/go-homedir v0.0.0-20180523094522-3864e76763d9
go: finding gopkg.in/AlecAivazis/survey.v1 v1.6.2
go: finding gopkg.in/warnings.v0 v0.1.2
go: finding k8s.io/helm v2.7.2+incompatible
go: finding github.com/operator-framework/operator-sdk v0.0.0-20181011175812-913cbf711929
go: finding github.com/chromedp/chromedp v0.1.1
go: finding github.com/pmezard/go-difflib v1.0.0
go: finding github.com/magiconair/properties v1.8.0
go: finding github.com/mattn/go-colorable v0.0.9
go: finding k8s.io/test-infra v0.0.0-20181113004108-9b11013021d9
go: finding github.com/pierrec/lz4 v2.0.5+incompatible
go: finding gopkg.in/src-d/go-git.v4 v4.5.0
go: finding github.com/fsnotify/fsnotify v1.4.7
go: finding github.com/lib/pq v1.0.0
go: finding github.com/google/go-cmp v0.2.0
go: finding github.com/hashicorp/consul v1.4.0
go: finding github.com/acarl005/stripansi v0.0.0-20180116102854-5a71ef0e047d
go: finding github.com/go-sql-driver/mysql v1.4.1
go: finding github.com/hashicorp/go-retryablehttp v0.0.0-20180718195005-e651d75abec6
go: finding github.com/StackExchange/wmi v0.0.0-20180116203802-5d049714c4a6
go: finding github.com/gocql/gocql v0.0.0-20181124151448-70385f88b28b
go: finding github.com/banzaicloud/bank-vaults v0.0.0-20181129101211-e31657d7c4fe
go: finding github.com/ghodss/yaml v1.0.0
go: finding github.com/inconshreveable/mousetrap v1.0.0
go: finding github.com/alexflint/go-filemutex v0.0.0-20171028004239-d358565f3c3f
go: finding go.opencensus.io v0.14.0
go: finding github.com/containerd/continuity v0.0.0-20181203112020-004b46473808
go: finding github.com/hashicorp/vault v0.11.4
go: finding gopkg.in/fsnotify.v1 v1.4.7
go: finding github.com/Netflix/go-expect v0.0.0-20180814212900-124a37274874
go: finding github.com/gorilla/sessions v1.1.1
go: finding github.com/golang/snappy v0.0.0-20170215233205-553a64147049
go: finding github.com/prometheus/procfs v0.0.0-20180705121852-ae68e2d4c00f
go: finding golang.org/x/time v0.0.0-20180412165947-fbb02b2291d2
go: finding github.com/modern-go/concurrent v0.0.0-20180306012644-bacd9c7ef1dd
go: finding github.com/stretchr/testify v1.2.2
go: finding github.com/gregjones/httpcache v0.0.0-20180305231024-9cad4c3443a7
go: finding github.com/circonus-labs/circonus-gometrics v2.2.5+incompatible
go: finding github.com/pkg/browser v0.0.0-20170505125900-c90ca0c84f15
go: finding github.com/mitchellh/go-testing-interface v1.0.0
go: finding gopkg.in/ldap.v2 v2.5.1
go: finding github.com/hinshun/vt10x v0.0.0-20180809195222-d55458df857c
go: finding github.com/chai2010/gettext-go v0.0.0-20170215093142-bf70f2a70fb1
go: finding gopkg.in/yaml.v2 v2.2.1
go: finding github.com/elazarl/go-bindata-assetfs v1.0.0
go: finding golang.org/x/image v0.0.0-20180628062038-cc896f830ced
go: finding github.com/onsi/gomega v1.4.1
go: finding github.com/jenkins-x/golang-jenkins v0.0.0-20180919102630-65b83ad42314
go: finding k8s.io/client-go v8.0.0+incompatible
go: finding github.com/goadesign/goa v1.4.0
go: finding github.com/hashicorp/go-multierror v1.0.0
go: finding github.com/kr/pty v1.1.2
go: finding github.com/spf13/jwalterweatherman v0.0.0-20180109140146-7c0cea34c8ec
go: finding github.com/petar/GoLLRB v0.0.0-20130427215148-53be0d36a84c
go: finding github.com/hashicorp/go-plugin v0.0.0-20181030172320-54b6ff97d818
go: finding github.com/cpuguy83/go-md2man v1.0.8
go: finding github.com/jefferai/jsonx v0.0.0-20160721235117-9cc31c3135ee
go: finding github.com/knq/snaker v0.0.0-20180306023312-d9ad1e7f342a
go: finding gopkg.in/src-d/go-billy.v4 v4.2.0
go: finding github.com/shurcooL/go v0.0.0-20180423040247-9e1955d9fb6e
go: finding github.com/sergi/go-diff v1.0.0
go: finding github.com/aws/aws-sdk-go v1.15.50
go: finding github.com/satori/go.uuid v1.2.1-0.20181028125025-b2ce2384e17b
go: finding github.com/MakeNowJust/heredoc v0.0.0-20171113091838-e9091a26100e
go: finding github.com/hashicorp/go-hclog v0.0.0-20180709165350-ff2cf002a8dd
go: finding gopkg.in/robfig/cron.v2 v2.0.0-20150107220207-be2e0b0deed5
go: finding github.com/petergtz/pegomock v0.0.0-20181008215750-9750219ad78b
go: finding github.com/bwmarrin/snowflake v0.0.0-20180412010544-68117e6bbede
go: finding github.com/BurntSushi/toml v0.3.0
go: finding github.com/IBM-Cloud/bluemix-go v0.0.0-20181008063305-d718d474c7c2
go: finding golang.org/x/tools v0.0.0-20180723204246-ded554d0681e
go: finding github.com/go-ldap/ldap v2.5.1+incompatible
go: finding github.com/ryanuber/go-glob v0.0.0-20170128012129-256dc444b735
go: finding golang.org/x/sync v0.0.0-20180314180146-1d60e4601c6f
go: finding google.golang.org/api v0.0.0-20180724000608-2c45710c7f3f
go: finding github.com/golang/snappy v0.0.0-20180518054509-2e65f85255db
go: finding github.com/golang/glog v0.0.0-20160126235308-23def4e6c14b
go: finding github.com/pelletier/go-buffruneio v0.2.0
go: finding github.com/hashicorp/errwrap v1.0.0
go: finding github.com/go-ini/ini v1.38.1
go: finding github.com/mitchellh/copystructure v1.0.0
go: finding gopkg.in/alecthomas/kingpin.v2 v2.2.6
go: finding github.com/mitchellh/go-testing-interface v0.0.0-20171004221916-a61a99592b77
go: finding golang.org/x/net v0.0.0-20180826012351-8a410e7b638d
go: finding github.com/alecthomas/units v0.0.0-20151022065526-2efee857e7cf
go: finding github.com/oklog/run v1.0.0
go: finding github.com/shurcooL/githubv4 v0.0.0-20180509030948-19298c78142b
go: finding github.com/dimfeld/httptreemux v5.0.1+incompatible
go: finding github.com/docker/spdystream v0.0.0-20170912183627-bc6354cbbc29
go: finding github.com/alecthomas/template v0.0.0-20160405071501-a0175ee3bccc
go: finding github.com/keybase/go-crypto v0.0.0-20181127160227-255a5089e85a
go: finding github.com/stoewer/go-strcase v1.0.1
go: finding github.com/knative/build v0.0.0-20180906201914-846036c8b91d
go: finding github.com/kevinburke/ssh_config v0.0.0-20180317175531-9fc7bb800b55
go: finding github.com/hashicorp/go-memdb v0.0.0-20181108192425-032f93b25bec
go: finding github.com/denormal/go-gitignore v0.0.0-20180713143441-75ce8f3e513c
go: finding github.com/hashicorp/go-msgpack v0.0.0-20150518234257-fa3f63826f7c
go: finding github.com/gorilla/securecookie v1.1.1
go: finding github.com/go-openapi/spec v0.17.1
go: finding github.com/mattn/go-isatty v0.0.3
go: finding golang.org/x/net v0.0.0-20181005035420-146acd28ed58
go: finding github.com/spf13/viper v1.0.2
go: finding github.com/go-ini/ini v1.25.4
go: finding github.com/hashicorp/hcl v0.0.0-20180404174102-ef8a98b0bbce
go: finding gopkg.in/check.v1 v0.0.0-20161208181325-20d25e280405
go: finding k8s.io/metrics v0.0.0-20180620010437-b11cf31b380b
go: finding github.com/armon/go-radix v1.0.0
go: finding github.com/googleapis/gnostic v0.2.0
go: finding github.com/kr/pretty v0.1.0
go: finding github.com/go-openapi/jsonreference v0.17.0
go: finding github.com/jmespath/go-jmespath v0.0.0-20160202185014-0b12d6b521d8
go: finding github.com/chromedp/cdproto v0.0.0-20180703215205-c125a34ea3b3
go: finding code.gitea.io/sdk v0.0.0-20180702024448-79a281c4e34a
go: finding github.com/asaskevich/govalidator v0.0.0-20180720115003-f9ffefc3facf
go: finding github.com/andygrunwald/go-gerrit v0.0.0-20181026193842-43cfd7a94eb4
go: finding google.golang.org/genproto v0.0.0-20180817151627-c66870c02cf8
go: finding github.com/Knetic/govaluate v0.0.0-20171022003610-9aa49832a739
go: finding github.com/duosecurity/duo_api_golang v0.0.0-20181024123116-92fea9203dbc
go: finding github.com/Pallinder/go-randomdata v0.0.0-20180616180521-15df0648130a
go: finding google.golang.org/genproto v0.0.0-20180722052100-02b4e9547331
go: finding gotest.tools v2.2.0+incompatible
go: finding github.com/gliderlabs/ssh v0.1.1
go: finding github.com/anmitsu/go-shlex v0.0.0-20161002113705-648efa622239
go: finding github.com/satori/go.uuid v1.2.0
go: finding github.com/jbenet/go-context v0.0.0-20150711004518-d14ea06fba99
go: finding golang.org/x/oauth2 v0.0.0-20180620175406-ef147856a6dd
go: finding github.com/gobwas/glob v0.2.3
go: finding github.com/danwakefield/fnmatch v0.0.0-20160403171240-cbb64ac3d964
go: finding github.com/manveru/gobdd v0.0.0-20131210092515-f1a17fdd710b
go: finding github.com/modern-go/reflect2 v0.0.0-20180701023420-4b7aa43c6742
go: finding github.com/pborman/uuid v0.0.0-20170612153648-e790cca94e6c
go: finding github.com/hashicorp/yamux v0.0.0-20180604194846-3520598351bb
go: finding golang.org/x/crypto v0.0.0-20180904163835-0709b304e793
go: finding github.com/gorilla/websocket v1.2.0
go: finding github.com/golang/protobuf v1.2.0
go: finding github.com/go-yaml/yaml v2.1.0+incompatible
go: finding github.com/opencontainers/go-digest v1.0.0-rc1
go: finding github.com/go-test/deep v1.0.1
go: finding github.com/hashicorp/golang-lru v0.0.0-20180201235237-0fb14efe8c47
go: finding github.com/sethvargo/go-password v0.1.2
go: finding github.com/mgutz/ansi v0.0.0-20170206155736-9520e82c474b
go: finding github.com/google/btree v0.0.0-20180124185431-e89373fe6b4a
go: finding github.com/google/gofuzz v0.0.0-20170612174753-24818f796faf
go: finding github.com/viniciuschiele/tarx v0.0.0-20151205142357-6e3da540444d
go: finding github.com/xanzy/go-gitlab v0.0.0-20180814191223-f3bc634ab936
go: finding github.com/PuerkitoBio/urlesc v0.0.0-20170810143723-de5bf2ad4578
go: finding github.com/pascaldekloe/goe v0.0.0-20180627143212-57f6aae5913c
go: finding github.com/hashicorp/go-uuid v1.0.0
go: finding github.com/kballard/go-shellquote v0.0.0-20180428030007-95032a82bc51
go: finding github.com/gogo/protobuf v1.1.1
go: finding github.com/heptio/sonobuoy v0.12.0
go: finding github.com/google/go-querystring v0.0.0-20170111101155-53e6ce116135
go: finding github.com/disintegration/imaging v1.4.2
go: finding github.com/hailocab/go-hostpool v0.0.0-20160125115350-e80d13ce29ed
go: finding github.com/manveru/faker v0.0.0-20171103152722-9fbc68a78c4d
go: finding github.com/knq/sysutil v0.0.0-20180306023629-0218e141a794
go: finding github.com/mailru/easyjson v0.0.0-20180606163543-3fdea8d05856
go: finding github.com/xanzy/ssh-agent v0.2.0
go: finding github.com/kr/text v0.1.0
go: finding github.com/hashicorp/go-version v0.0.0-20180716215031-270f2f71b1ee
go: finding github.com/Nvveen/Gotty v0.0.0-20120604004816-cd527374f1e5
go: finding github.com/shirou/gopsutil v0.0.0-20180901134234-eb1f1ab16f2e
go: finding github.com/dgrijalva/jwt-go v3.2.0+incompatible
go: finding google.golang.org/grpc v1.13.0
go: finding k8s.io/kubernetes v1.11.3
go: finding github.com/docker/go-connections v0.4.0
go: finding github.com/nlopes/slack v0.0.0-20180721202243-347a74b1ea30
go: finding github.com/mitchellh/mapstructure v0.0.0-20180715050151-f15292f7a699
go: finding github.com/go-openapi/swag v0.17.0
go: finding github.com/beorn7/perks v0.0.0-20180321164747-3a771d992973
go: finding github.com/spf13/cast v1.2.0
go: finding github.com/matttproud/golang_protobuf_extensions v1.0.1
go: finding google.golang.org/grpc v1.14.0
go: finding google.golang.org/appengine v1.1.0
go: finding github.com/pkg/errors v0.8.0
go: finding github.com/go-openapi/jsonpointer v0.17.0
go: finding github.com/PuerkitoBio/purell v1.1.0
go: finding golang.org/x/crypto v0.0.0-20180723164146-c126467f60eb
go: finding k8s.io/cli-runtime v0.0.0-20181026155151-1ee5ba10d7e3
go: finding github.com/google/go-github v17.0.0+incompatible
go: finding github.com/hashicorp/go-sockaddr v0.0.0-20180320115054-6d291a969b86
go: finding github.com/imdario/mergo v0.3.5
go: finding golang.org/x/sys v0.0.0-20180715085529-ac767d655b30
go: finding github.com/emirpasic/gods v1.9.0
go: finding github.com/golang/protobuf v1.1.0
go: finding github.com/Azure/go-autorest v10.14.0+incompatible
go: finding github.com/NYTimes/gziphandler v1.0.1
go: finding github.com/prometheus/common v0.0.0-20180518154759-7600349dcfe1
go: finding github.com/andygrunwald/go-jira v1.5.0
go: finding github.com/ory/dockertest v3.3.2+incompatible
go: finding github.com/mitchellh/reflectwalk v1.0.0
go: finding github.com/kr/pty v1.1.1
go: finding github.com/SermoDigital/jose v0.9.1
go: finding github.com/shurcooL/graphql v0.0.0-20180514000029-62c9ce094e75
go: finding k8s.io/code-generator v0.0.0-20181017053441-8c97d6ab64da
go: finding github.com/jenkins-x/chyle v0.0.0-20180226080600-68f7a93a63ec
go: finding github.com/rodaine/hclencoder v0.0.0-20180926060551-0680c4321930
go: finding github.com/beevik/etree v1.0.1
go: finding github.com/jbrukh/bayesian v0.0.0-20161210175230-bf3f261f9a9c
go: finding gopkg.in/src-d/go-git-fixtures.v3 v3.3.0
go: finding github.com/smartystreets/goconvey v0.0.0-20181108003508-044398e4856c
go: finding github.com/emicklei/go-restful v2.8.0+incompatible
go: finding github.com/docker/go-units v0.3.3
go: finding github.com/hashicorp/go-hclog v0.0.0-20181001195459-61d530d6c27f
go: finding github.com/miekg/dns v1.1.1
go: finding github.com/Jeffail/gabs v1.1.0
go: finding github.com/Masterminds/semver v1.4.2
go: finding github.com/russross/blackfriday v1.5.1
go: downloading github.com/mattbaird/jsonpatch v0.0.0-20171005235357-81af80346b1a
go: downloading k8s.io/client-go v8.0.0+incompatible
go: downloading k8s.io/apimachinery v0.0.0-20180621070125-103fd098999d
go: downloading github.com/spf13/cobra v0.0.3
go: downloading github.com/goadesign/goa v1.4.0
go: downloading github.com/golang/glog v0.0.0-20160126235308-23def4e6c14b
go: downloading github.com/jenkins-x/jx v1.3.636
go: downloading github.com/gogo/protobuf v1.1.1
go: downloading k8s.io/apiextensions-apiserver v0.0.0-20180621085152-bbc52469f98b
go: downloading github.com/peterbourgon/diskv v2.0.1+incompatible
go: downloading github.com/google/gofuzz v0.0.0-20170612174753-24818f796faf
go: downloading k8s.io/kube-openapi v0.0.0-20180719232738-d8ea2fe547a4
go: downloading github.com/zach-klippenstein/goregen v0.0.0-20160303162051-795b5e3961ea
go: downloading github.com/manveru/faker v0.0.0-20171103152722-9fbc68a78c4d
go: downloading github.com/spf13/pflag v1.0.1
go: downloading github.com/google/btree v0.0.0-20180124185431-e89373fe6b4a
go: downloading github.com/satori/go.uuid v1.2.1-0.20181028125025-b2ce2384e17b
go: downloading golang.org/x/crypto v0.0.0-20181015023909-0c41d7ab0a0e
go: downloading github.com/imdario/mergo v0.3.5
go: downloading github.com/google/go-cmp v0.2.0
go: downloading k8s.io/api v0.0.0-20180628040859-072894a440bd
go: downloading github.com/golang/protobuf v1.2.0
go: downloading github.com/petergtz/pegomock v0.0.0-20181203230027-c2029ea15f8d
go: downloading github.com/armon/go-metrics v0.0.0-20180917152333-f0300d1749da
go: downloading github.com/cenkalti/backoff v2.0.0+incompatible
go: downloading github.com/hashicorp/golang-lru v0.5.0
go: downloading github.com/dimfeld/httptreemux v5.0.1+incompatible
go: downloading github.com/gregjones/httpcache v0.0.0-20180305231024-9cad4c3443a7
go: downloading github.com/hashicorp/go-immutable-radix v1.0.0
go: downloading gopkg.in/AlecAivazis/survey.v1 v1.6.2
go: downloading github.com/davecgh/go-spew v1.1.1
go: downloading k8s.io/metrics v0.0.0-20180620010437-b11cf31b380b
go: downloading github.com/pkg/errors v0.8.0
go: downloading golang.org/x/time v0.0.0-20180412165947-fbb02b2291d2
go: downloading golang.org/x/net v0.0.0-20181011144130-49bb7cea24b1
go: downloading github.com/json-iterator/go v1.1.5
go: downloading golang.org/x/oauth2 v0.0.0-20180620175406-ef147856a6dd
go: downloading github.com/dimfeld/httppath v0.0.0-20170720192232-ee938bf73598
go: downloading github.com/Knetic/govaluate v0.0.0-20171022003610-9aa49832a739
go: downloading github.com/fatih/color v1.7.0
go: downloading gopkg.in/yaml.v2 v2.2.1
go: downloading github.com/google/go-github v17.0.0+incompatible
go: downloading github.com/fatih/structs v1.0.0
go: downloading github.com/sethvargo/go-password v0.1.2
go: downloading github.com/sirupsen/logrus v1.2.0
go: downloading golang.org/x/sys v0.0.0-20180905080454-ebe1bf3edb33
go: downloading github.com/beevik/etree v1.0.1
go: downloading github.com/googleapis/gnostic v0.2.0
go: downloading github.com/onsi/gomega v1.4.1
go: downloading github.com/andygrunwald/go-gerrit v0.0.0-20181026193842-43cfd7a94eb4
go: downloading github.com/ghodss/yaml v1.0.0
go: downloading github.com/xanzy/go-gitlab v0.0.0-20180814191223-f3bc634ab936
go: downloading code.gitea.io/sdk v0.0.0-20180702024448-79a281c4e34a
go: downloading github.com/stoewer/go-strcase v1.0.1
go: downloading github.com/mattn/go-colorable v0.0.9
go: downloading github.com/shirou/gopsutil v0.0.0-20180901134234-eb1f1ab16f2e
go: downloading github.com/google/go-querystring v0.0.0-20170111101155-53e6ce116135
go: downloading github.com/nlopes/slack v0.0.0-20180721202243-347a74b1ea30
go: downloading cloud.google.com/go v0.25.0
go: downloading github.com/blang/semver v3.5.1+incompatible
go: downloading gopkg.in/src-d/go-git.v4 v4.5.0
go: downloading github.com/gfleury/go-bitbucket-v1 v0.0.0-20181102191809-4910839b609e
go: downloading github.com/gorilla/websocket v1.2.0
go: downloading golang.org/x/text v0.3.0
go: downloading github.com/mitchellh/mapstructure v1.1.2
go: downloading github.com/modern-go/concurrent v0.0.0-20180306012644-bacd9c7ef1dd
go: downloading github.com/mgutz/ansi v0.0.0-20170206155736-9520e82c474b
go: downloading github.com/Jeffail/gabs v1.1.0
go: downloading gopkg.in/inf.v0 v0.9.1
go: downloading github.com/kballard/go-shellquote v0.0.0-20180428030007-95032a82bc51
go: downloading github.com/wbrefvem/go-bitbucket v0.0.0-20180917214347-1c96061fe622
go: downloading github.com/mattn/go-isatty v0.0.3
go: downloading github.com/modern-go/reflect2 v0.0.0-20180701023420-4b7aa43c6742
go: downloading github.com/src-d/gcfg v1.3.0
go: downloading github.com/rodaine/hclencoder v0.0.0-20180926060551-0680c4321930
go: downloading gopkg.in/warnings.v0 v0.1.2
go: downloading github.com/hashicorp/vault v0.11.4
go: downloading github.com/hashicorp/hcl v0.0.0-20180404174102-ef8a98b0bbce
go: downloading github.com/hashicorp/go-rootcerts v0.0.0-20160503143440-6bb64b370b90
go: downloading github.com/hashicorp/go-retryablehttp v0.0.0-20180718195005-e651d75abec6
go: downloading github.com/hashicorp/go-cleanhttp v0.5.0
go: downloading github.com/hashicorp/errwrap v1.0.0
go: downloading github.com/hashicorp/go-sockaddr v0.0.0-20180320115054-6d291a969b86
go: downloading github.com/golang/snappy v0.0.0-20180518054509-2e65f85255db
go: downloading github.com/pierrec/lz4 v2.0.5+incompatible
go: downloading github.com/ryanuber/go-glob v0.0.0-20170128012129-256dc444b735
go: downloading github.com/hashicorp/go-multierror v1.0.0
mkdir -p build
CGO_ENABLED=0 GO111MODULE=on go build -ldflags '' -o bin/policy-engine ./cmd/...
CGO_ENABLED=0 GO111MODULE=on go mod tidy
go: downloading github.com/stretchr/testify v1.2.2
go: downloading github.com/manveru/gobdd v0.0.0-20131210092515-f1a17fdd710b
go: downloading github.com/google/wire v0.2.0
go: downloading github.com/lusis/slack-test v0.0.0-20180109053238-3c758769bfa6
go: downloading github.com/konsorten/go-windows-terminal-sequences v1.0.1
go: downloading golang.org/x/sync v0.0.0-20180314180146-1d60e4601c6f
go: downloading github.com/StackExchange/wmi v0.0.0-20180116203802-5d049714c4a6
go: downloading github.com/google/gxui v0.0.0-20151028112939-f85e0a97b3a4
go: downloading google.golang.org/appengine v1.1.0
go: downloading github.com/smartystreets/goconvey v0.0.0-20181108003508-044398e4856c
go: downloading github.com/onsi/ginkgo v1.6.0
go: downloading github.com/hinshun/vt10x v0.0.0-20180809195222-d55458df857c
go: downloading github.com/shirou/w32 v0.0.0-20160930032740-bb4de0191aa4
go: downloading github.com/go-ole/go-ole v1.2.1
go: downloading github.com/inconshreveable/mousetrap v1.0.0
go: downloading github.com/pmezard/go-difflib v1.0.0
go: finding github.com/petergtz/pegomock/matchers latest
go: downloading gopkg.in/check.v1 v0.0.0-20161208181325-20d25e280405
go: finding github.com/petergtz/pegomock latest
go: downloading github.com/petergtz/pegomock v0.0.0-20181206220228-b113d17a7e81
go: downloading github.com/hashicorp/go-uuid v1.0.0
go: downloading github.com/heptio/sonobuoy v0.12.0
go: downloading github.com/golang/groupcache v0.0.0-20181024230925-c65c006176ff
go: downloading github.com/banzaicloud/bank-vaults v0.0.0-20181129101211-e31657d7c4fe
go: downloading github.com/acarl005/stripansi v0.0.0-20180116102854-5a71ef0e047d
go: downloading github.com/pascaldekloe/goe v0.0.0-20180627143212-57f6aae5913c
go: downloading k8s.io/helm v2.7.2+incompatible
go: downloading github.com/knative/build v0.0.0-20180906201914-846036c8b91d
go: downloading github.com/hashicorp/go-hclog v0.0.0-20181001195459-61d530d6c27f
go: downloading github.com/jenkins-x/golang-jenkins v0.0.0-20180919102630-65b83ad42314
go: downloading github.com/hpcloud/tail v1.0.0
go: downloading github.com/keybase/go-crypto v0.0.0-20181127160227-255a5089e85a
go: downloading gopkg.in/tomb.v1 v1.0.0-20141024135613-dd632973f1e7
go: downloading github.com/mitchellh/go-testing-interface v1.0.0
go: downloading github.com/NYTimes/gziphandler v1.0.1
go: downloading github.com/mitchellh/go-homedir v0.0.0-20180523094522-3864e76763d9
go: downloading github.com/go-test/deep v1.0.1
go: downloading github.com/oklog/run v1.0.0
go: downloading github.com/Netflix/go-expect v0.0.0-20180814212900-124a37274874
go: downloading github.com/hashicorp/go-version v0.0.0-20180716215031-270f2f71b1ee
go: downloading github.com/hashicorp/go-plugin v0.0.0-20181030172320-54b6ff97d818
go: downloading github.com/hashicorp/yamux v0.0.0-20180604194846-3520598351bb
go: downloading github.com/lib/pq v1.0.0
go: downloading github.com/mitchellh/copystructure v1.0.0
go: downloading google.golang.org/grpc v1.14.0
go: downloading github.com/mitchellh/reflectwalk v1.0.0
go: downloading github.com/aws/aws-sdk-go v1.15.50
go: downloading github.com/jenkins-x/draft-repo v0.0.0-20180417100212-2f66cc518135
go: downloading github.com/IBM-Cloud/bluemix-go v0.0.0-20181008063305-d718d474c7c2
go: downloading k8s.io/test-infra v0.0.0-20181113004108-9b11013021d9
go: downloading github.com/chromedp/chromedp v0.1.1
go: downloading github.com/asaskevich/govalidator v0.0.0-20180720115003-f9ffefc3facf
go: downloading github.com/chromedp/cdproto v0.0.0-20180720050708-57cf4773008d
go: downloading github.com/duosecurity/duo_api_golang v0.0.0-20181024123116-92fea9203dbc
go: downloading github.com/SermoDigital/jose v0.9.1
go: downloading github.com/cpuguy83/go-md2man v1.0.8
go: downloading github.com/pkg/browser v0.0.0-20170505125900-c90ca0c84f15
go: downloading github.com/smartystreets/assertions v0.0.0-20180927180507-b2de0cb4f26d
go: downloading github.com/ory/dockertest v3.3.2+incompatible
go: downloading github.com/BurntSushi/toml v0.3.0
go: downloading github.com/mailru/easyjson v0.0.0-20180823135443-60711f1a8329
go: downloading github.com/denisenkom/go-mssqldb v0.0.0-20181014144952-4e0d7dc8888f
go: downloading github.com/hashicorp/vault-plugin-secrets-kv v0.0.0-20181106190520-2236f141171e
go: downloading github.com/gobwas/glob v0.2.3
go: downloading github.com/lusis/go-slackbot v0.0.0-20180109053408-401027ccfef5
go: downloading github.com/kr/pty v1.1.2
go: downloading github.com/Masterminds/semver v1.4.2
go: downloading github.com/SAP/go-hdb v0.13.1
go: downloading github.com/bouk/monkey v1.0.0
go: downloading github.com/c2h5oh/datasize v0.0.0-20171227191756-4eba002a5eae
go: downloading github.com/denormal/go-gitignore v0.0.0-20180713143441-75ce8f3e513c
go: downloading google.golang.org/genproto v0.0.0-20180817151627-c66870c02cf8
go: downloading github.com/jefferai/jsonx v0.0.0-20160721235117-9cc31c3135ee
go: downloading github.com/spf13/viper v1.0.2
go: downloading github.com/MakeNowJust/heredoc v0.0.0-20171113091838-e9091a26100e
go: downloading github.com/hashicorp/go-memdb v0.0.0-20181108192425-032f93b25bec
go: downloading github.com/Pallinder/go-randomdata v0.0.0-20180616180521-15df0648130a
go: downloading github.com/hashicorp/consul v1.4.0
go: downloading gopkg.in/mgo.v2 v2.0.0-20180705113604-9856a29383ce
go: downloading github.com/magiconair/properties v1.8.0
go: downloading github.com/emirpasic/gods v1.9.0
go: downloading gopkg.in/src-d/go-billy.v4 v4.2.0
go: downloading github.com/fsnotify/fsnotify v1.4.7
go: downloading github.com/jenkins-x/chyle v0.0.0-20180226080600-68f7a93a63ec
go: downloading github.com/danwakefield/fnmatch v0.0.0-20160403171240-cbb64ac3d964
go: downloading github.com/go-sql-driver/mysql v1.4.1
go: downloading github.com/spf13/afero v1.1.1
go: downloading github.com/spf13/cast v1.2.0
go: downloading github.com/gorilla/mux v1.6.2
go: downloading github.com/alexflint/go-filemutex v0.0.0-20171028004239-d358565f3c3f
go: downloading github.com/go-ldap/ldap v2.5.1+incompatible
go: downloading github.com/Azure/draft v0.15.0
go: downloading github.com/gorilla/context v1.1.1
go: downloading gopkg.in/src-d/go-git-fixtures.v3 v3.3.0
go: downloading github.com/docker/spdystream v0.0.0-20170912183627-bc6354cbbc29
go: downloading github.com/gophercloud/gophercloud v0.0.0-20180721014243-9bb899a7c1d9
go: downloading gopkg.in/robfig/cron.v2 v2.0.0-20150107220207-be2e0b0deed5
go: downloading github.com/viniciuschiele/tarx v0.0.0-20151205142357-6e3da540444d
go: downloading github.com/spf13/jwalterweatherman v0.0.0-20180109140146-7c0cea34c8ec
go: downloading github.com/gocql/gocql v0.0.0-20181124151448-70385f88b28b
go: downloading gopkg.in/fsnotify.v1 v1.4.7
go: downloading github.com/pborman/uuid v1.2.0
go: downloading github.com/pelletier/go-toml v1.2.0
go: downloading github.com/jtolds/gls v4.2.1+incompatible
go: downloading github.com/disintegration/imaging v1.4.2
go: downloading github.com/gopherjs/gopherjs v0.0.0-20181103185306-d547d1d9531e
go: downloading github.com/shurcooL/githubv4 v0.0.0-20180509030948-19298c78142b
go: downloading github.com/docker/go-units v0.3.3
go: downloading github.com/gorilla/sessions v1.1.1
go: downloading github.com/codeship/codeship-go v0.0.0-20180717142545-7793ca823354
go: downloading github.com/andygrunwald/go-jira v1.5.0
go: downloading github.com/Azure/go-autorest v10.14.0+incompatible
go: downloading github.com/gorilla/securecookie v1.1.1
go: downloading github.com/sergi/go-diff v1.0.0
go: downloading github.com/go-ini/ini v1.38.1
go: downloading github.com/russross/blackfriday v1.5.1
go: downloading github.com/Microsoft/go-winio v0.4.11
go: downloading github.com/containerd/continuity v0.0.0-20181203112020-004b46473808
go: downloading github.com/Azure/go-ansiterm v0.0.0-20170929234023-d6e3b3328b78
go: downloading github.com/bwmarrin/snowflake v0.0.0-20180412010544-68117e6bbede
go: downloading github.com/trivago/tgo v1.0.1
go: downloading github.com/jmespath/go-jmespath v0.0.0-20160202185014-0b12d6b521d8
go: downloading golang.org/x/image v0.0.0-20180708004352-c73c2afc3b81
go: finding github.com/Sirupsen/logrus v1.2.0
go: downloading github.com/Nvveen/Gotty v0.0.0-20120604004816-cd527374f1e5
go: downloading github.com/patrickmn/go-cache v2.1.0+incompatible
go: downloading github.com/docker/go-connections v0.4.0
go: downloading github.com/opencontainers/runc v0.1.1
go: downloading github.com/kevinburke/ssh_config v0.0.0-20180317175531-9fc7bb800b55
go: downloading github.com/rifflock/lfshook v0.0.0-20180227222202-bf539943797a
go: downloading github.com/armon/go-radix v1.0.0
go: downloading github.com/gliderlabs/ssh v0.1.1
go: downloading github.com/jbenet/go-context v0.0.0-20150711004518-d14ea06fba99
go: downloading github.com/opencontainers/image-spec v1.0.1
go: downloading github.com/go-yaml/yaml v2.1.0+incompatible
go: downloading github.com/google/uuid v1.0.0
go: downloading github.com/knq/sysutil v0.0.0-20180306023629-0218e141a794
go: downloading github.com/operator-framework/operator-sdk v0.0.0-20181011175812-913cbf711929
go: downloading github.com/shurcooL/graphql v0.0.0-20180514000029-62c9ce094e75
go: downloading github.com/pelletier/go-buffruneio v0.2.0
go: downloading github.com/prometheus/client_golang v0.8.0
go: downloading github.com/hailocab/go-hostpool v0.0.0-20160125115350-e80d13ce29ed
go: downloading github.com/elazarl/goproxy v0.0.0-20181111060418-2ce16c963a8a
go: downloading github.com/gotestyourself/gotestyourself v2.2.0+incompatible
go: downloading gopkg.in/asn1-ber.v1 v1.0.0-20181015200546-f715ec2f112d
go: downloading github.com/prometheus/common v0.0.0-20180518154759-7600349dcfe1
go: downloading github.com/anmitsu/go-shlex v0.0.0-20161002113705-648efa622239
go: downloading github.com/elazarl/go-bindata-assetfs v1.0.0
go: downloading gotest.tools v2.2.0+incompatible
go: downloading github.com/bitly/go-hostpool v0.0.0-20171023180738-a3a6125de932
go: downloading github.com/prometheus/client_model v0.0.0-20180712105110-5c3871d89910
go: downloading google.golang.org/api v0.0.0-20180724000608-2c45710c7f3f
go: downloading github.com/dgrijalva/jwt-go v3.2.0+incompatible
go: downloading github.com/bmizerany/assert v0.0.0-20160611221934-b7ed37b82869
go: downloading github.com/flynn/go-shlex v0.0.0-20150515145356-3f9db97f8568
go: downloading github.com/kr/pretty v0.1.0
go: downloading gopkg.in/ini.v1 v1.39.2
go: downloading gopkg.in/ldap.v2 v2.5.1
go: downloading github.com/shurcooL/go v0.0.0-20180423040247-9e1955d9fb6e
go: downloading github.com/googleapis/gax-go v2.0.0+incompatible
go: downloading github.com/prometheus/procfs v0.0.0-20180705121852-ae68e2d4c00f
go: downloading github.com/matttproud/golang_protobuf_extensions v1.0.1
go: downloading github.com/jbrukh/bayesian v0.0.0-20161210175230-bf3f261f9a9c
go: downloading github.com/xanzy/ssh-agent v0.2.0
go: downloading github.com/beorn7/perks v0.0.0-20180321164747-3a771d992973
go: downloading github.com/kr/text v0.1.0
go: downloading github.com/opencontainers/go-digest v1.0.0-rc1
go: downloading github.com/google/martian v2.1.0+incompatible
go: downloading go.opencensus.io v0.14.0
go: downloading github.com/alcortesm/tgz v0.0.0-20161220082320-9c5fe88206d7
go: downloading github.com/hashicorp/serf v0.8.1
go: downloading github.com/DataDog/datadog-go v0.0.0-20180822151419-281ae9f2d895
go: downloading github.com/circonus-labs/circonus-gometrics v2.2.5+incompatible
go: downloading github.com/tv42/httpunix v0.0.0-20150427012821-b75d8614f926
go: downloading github.com/circonus-labs/circonusllhist v0.1.3
go: downloading github.com/hashicorp/go-msgpack v0.0.0-20150518234257-fa3f63826f7c
go: downloading github.com/hashicorp/memberlist v0.1.0
go: downloading gopkg.in/vmihailenco/msgpack.v2 v2.9.1
go: downloading github.com/sean-/seed v0.0.0-20170313163322-e2103e2c3529
go: downloading github.com/miekg/dns v1.1.1
go: finding labix.org/v2/mgo/bson latest
go: finding labix.org/v2/mgo latest
sed -i.bak -e '/github.com\/Sirupsen\/logrus v1.2.0 \/\/ indirect/d' \
		   -e '/labix.org\/v2\/mgo v0.0.0-20140701140051-000000000287 \/\/ indirect/d' \
		   go.mod
rm go.mod.bak
CGO_ENABLED=0 GO111MODULE=off go get github.com/golang/lint/golint
# cd .; git clone https://go.googlesource.com/tools /home/jenkins/go/src/golang.org/x/tools
Cloning into '/home/jenkins/go/src/golang.org/x/tools'...
fatal: git fetch-pack: expected ACK/NAK, got 'error: Access denied to IP 35.195.162.101'
fatal: The remote end hung up unexpectedly
package golang.org/x/tools/go/ast/astutil: exit status 128
package golang.org/x/tools/go/gcexportdata: cannot find package "golang.org/x/tools/go/gcexportdata" in any of:
	/usr/local/go/src/golang.org/x/tools/go/gcexportdata (from $GOROOT)
	/home/jenkins/go/src/golang.org/x/tools/go/gcexportdata (from $GOPATH)
Makefile:79: recipe for target '/home/jenkins/go/bin/golint' failed
make: *** [/home/jenkins/go/bin/golint] Error 1
[Pipeline] }
[Pipeline] // withEnv
[Pipeline] }
[Pipeline] // stage
[Pipeline] stage
[Pipeline] { (Build and Promote Release)
Stage "Build and Promote Release" skipped due to earlier failure(s)
[Pipeline] }
[Pipeline] // stage
[Pipeline] }
[Pipeline] // withEnv
[Pipeline] }
[Pipeline] // withCredentials
[Pipeline] }
[Pipeline] // node
[Pipeline] End of Pipeline
ERROR: script returned exit code 2
Finished: FAILURE
