Step: build-step-credential-initializer:

{"level":"warn","ts":1545390086.139642,"logger":"fallback-logger","caller":"logging/config.go:65","msg":"Fetch GitHub commit ID from kodata failed: \"ref: refs/heads/test\" is not a valid GitHub commit ID"}
{"level":"info","ts":1545390086.1400263,"logger":"fallback-logger","caller":"creds-init/main.go:40","msg":"Credentials initialized."}
Step: build-step-git-source-0:

{"level":"warn","ts":1545390086.6839929,"logger":"fallback-logger","caller":"logging/config.go:65","msg":"Fetch GitHub commit ID from kodata failed: \"ref: refs/heads/test\" is not a valid GitHub commit ID"}
{"level":"info","ts":1545390088.7035303,"logger":"fallback-logger","caller":"git-init/main.go:92","msg":"Successfully cloned \"https://github.com/cloudbees/core-backend.git\" @ \"64040aa5b3ec7738550cd15e84e751baec3b2527\" in path \"/workspace\""}
Step: build-step-jenkins:

Picked up _JAVA_OPTIONS: -Xmx2048m
Started
Running in Durability level: PERFORMANCE_OPTIMIZED
  14.701 [id=14]	WARNING	i.f.k.c.i.VersionUsageUtils#alert: The client is using resource type 'customresourcedefinitions' with unstable version 'v1beta1'
  25.611 [id=83]	WARNING	o.j.plugins.workflow.cps.DSL#invokeStep: Error storing the arguments for step: checkout
org.kohsuke.stapler.NoStaplerConstructorException: There's no @DataBoundConstructor on any constructor of class io.jenkins.jenkinsfile.runner.FileSystemSCM
	at org.kohsuke.stapler.ClassDescriptor.loadConstructorParamNames(ClassDescriptor.java:265)
	at org.jenkinsci.plugins.structs.describable.DescribableModel.<init>(DescribableModel.java:144)
	at org.jenkinsci.plugins.structs.describable.DescribableModel.of(DescribableModel.java:114)
	at org.jenkinsci.plugins.workflow.cps.actions.ArgumentsActionImpl.sanitizeObjectAndRecordMutation(ArgumentsActionImpl.java:294)
	at org.jenkinsci.plugins.workflow.cps.actions.ArgumentsActionImpl.sanitizeMapAndRecordMutation(ArgumentsActionImpl.java:386)
	at org.jenkinsci.plugins.workflow.cps.actions.ArgumentsActionImpl.<init>(ArgumentsActionImpl.java:74)
	at org.jenkinsci.plugins.workflow.cps.DSL.invokeStep(DSL.java:245)
	at org.jenkinsci.plugins.workflow.cps.DSL.invokeMethod(DSL.java:178)
	at org.jenkinsci.plugins.workflow.cps.CpsScript.invokeMethod(CpsScript.java:122)
	at org.codehaus.groovy.runtime.callsite.PogoMetaClassSite.call(PogoMetaClassSite.java:48)
	at org.codehaus.groovy.runtime.callsite.CallSiteArray.defaultCall(CallSiteArray.java:48)
	at org.codehaus.groovy.runtime.callsite.AbstractCallSite.call(AbstractCallSite.java:113)
	at com.cloudbees.groovy.cps.sandbox.DefaultInvoker.methodCall(DefaultInvoker.java:20)
	at com.cloudbees.groovy.cps.impl.ContinuationGroup.methodCall(ContinuationGroup.java:57)
	at com.cloudbees.groovy.cps.impl.FunctionCallBlock$ContinuationImpl.dispatchOrArg(FunctionCallBlock.java:109)
	at com.cloudbees.groovy.cps.impl.FunctionCallBlock$ContinuationImpl.fixArg(FunctionCallBlock.java:82)
	at sun.reflect.GeneratedMethodAccessor123.invoke(Unknown Source)
	at sun.reflect.DelegatingMethodAccessorImpl.invoke(DelegatingMethodAccessorImpl.java:43)
	at java.lang.reflect.Method.invoke(Method.java:498)
	at com.cloudbees.groovy.cps.impl.ContinuationPtr$ContinuationImpl.receive(ContinuationPtr.java:72)
	at com.cloudbees.groovy.cps.impl.PropertyishBlock$ContinuationImpl.get(PropertyishBlock.java:76)
	at com.cloudbees.groovy.cps.LValueBlock$GetAdapter.receive(LValueBlock.java:30)
	at com.cloudbees.groovy.cps.impl.PropertyishBlock$ContinuationImpl.fixName(PropertyishBlock.java:66)
	at sun.reflect.GeneratedMethodAccessor128.invoke(Unknown Source)
	at sun.reflect.DelegatingMethodAccessorImpl.invoke(DelegatingMethodAccessorImpl.java:43)
	at java.lang.reflect.Method.invoke(Method.java:498)
	at com.cloudbees.groovy.cps.impl.ContinuationPtr$ContinuationImpl.receive(ContinuationPtr.java:72)
	at com.cloudbees.groovy.cps.impl.ConstantBlock.eval(ConstantBlock.java:21)
	at com.cloudbees.groovy.cps.Next.step(Next.java:83)
	at com.cloudbees.groovy.cps.Continuable$1.call(Continuable.java:174)
	at com.cloudbees.groovy.cps.Continuable$1.call(Continuable.java:163)
	at org.codehaus.groovy.runtime.GroovyCategorySupport$ThreadCategoryInfo.use(GroovyCategorySupport.java:129)
	at org.codehaus.groovy.runtime.GroovyCategorySupport.use(GroovyCategorySupport.java:268)
	at com.cloudbees.groovy.cps.Continuable.run0(Continuable.java:163)
	at org.jenkinsci.plugins.workflow.cps.SandboxContinuable.access$101(SandboxContinuable.java:34)
	at org.jenkinsci.plugins.workflow.cps.SandboxContinuable.lambda$run0$0(SandboxContinuable.java:59)
	at org.jenkinsci.plugins.scriptsecurity.sandbox.groovy.GroovySandbox.runInSandbox(GroovySandbox.java:108)
	at org.jenkinsci.plugins.workflow.cps.SandboxContinuable.run0(SandboxContinuable.java:58)
	at org.jenkinsci.plugins.workflow.cps.CpsThread.runNextChunk(CpsThread.java:182)
	at org.jenkinsci.plugins.workflow.cps.CpsThreadGroup.run(CpsThreadGroup.java:332)
	at org.jenkinsci.plugins.workflow.cps.CpsThreadGroup.access$200(CpsThreadGroup.java:83)
	at org.jenkinsci.plugins.workflow.cps.CpsThreadGroup$2.call(CpsThreadGroup.java:244)
	at org.jenkinsci.plugins.workflow.cps.CpsThreadGroup$2.call(CpsThreadGroup.java:232)
	at org.jenkinsci.plugins.workflow.cps.CpsVmExecutorService$2.call(CpsVmExecutorService.java:64)
	at java.util.concurrent.FutureTask.run(FutureTask.java:266)
	at hudson.remoting.SingleLaneExecutorService$1.run(SingleLaneExecutorService.java:131)
	at jenkins.util.ContextResettingExecutorService$1.run(ContextResettingExecutorService.java:28)
	at jenkins.security.ImpersonatingExecutorService$1.run(ImpersonatingExecutorService.java:59)
	at java.util.concurrent.Executors$RunnableAdapter.call(Executors.java:511)
	at java.util.concurrent.FutureTask.run(FutureTask.java:266)
	at java.util.concurrent.ThreadPoolExecutor.runWorker(ThreadPoolExecutor.java:1149)
	at java.util.concurrent.ThreadPoolExecutor$Worker.run(ThreadPoolExecutor.java:624)
	at java.lang.Thread.run(Thread.java:748)
[Pipeline] node
Running on Jenkins in /tmp/jenkinsTests.tmp/jenkins7403265945097059788test/workspace/job
[Pipeline] {
[Pipeline] stage
[Pipeline] { (Declarative: Checkout SCM)
[Pipeline] checkout
[Pipeline] }
[Pipeline] // stage
[Pipeline] withEnv
[Pipeline] {
[Pipeline] stage
[Pipeline] { (CI Build and Test)
Stage "CI Build and Test" skipped due to when conditional
[Pipeline] }
[Pipeline] // stage
[Pipeline] stage
[Pipeline] { (CI Push to Docker hub)
Stage "CI Push to Docker hub" skipped due to when conditional
[Pipeline] }
[Pipeline] // stage
[Pipeline] stage
[Pipeline] { (Build and Release)
[Pipeline] withCredentials
[Pipeline] {
[Pipeline] withEnv
[Pipeline] {
[Pipeline] dir
Running in /home/jenkins/go/src/github.com/cloudbees/core-backend
[Pipeline] {
[Pipeline] git
Cloning the remote Git repository
Cloning repository https://github.com/cloudbees/core-backend
 > git init /home/jenkins/go/src/github.com/cloudbees/core-backend # timeout=10
Fetching upstream changes from https://github.com/cloudbees/core-backend
 > git --version # timeout=10
 > git fetch --tags --progress https://github.com/cloudbees/core-backend +refs/heads/*:refs/remotes/origin/*
 > git config remote.origin.url https://github.com/cloudbees/core-backend # timeout=10
 > git config --add remote.origin.fetch +refs/heads/*:refs/remotes/origin/* # timeout=10
 > git config remote.origin.url https://github.com/cloudbees/core-backend # timeout=10
Fetching upstream changes from https://github.com/cloudbees/core-backend
 > git fetch --tags --progress https://github.com/cloudbees/core-backend +refs/heads/*:refs/remotes/origin/*
 > git rev-parse refs/remotes/origin/master^{commit} # timeout=10
 > git rev-parse refs/remotes/origin/origin/master^{commit} # timeout=10
Checking out Revision 64040aa5b3ec7738550cd15e84e751baec3b2527 (refs/remotes/origin/master)
 > git config core.sparsecheckout # timeout=10
 > git checkout -f 64040aa5b3ec7738550cd15e84e751baec3b2527
 > git branch -a -v --no-abbrev # timeout=10
 > git checkout -b master 64040aa5b3ec7738550cd15e84e751baec3b2527
Commit message: "Merge pull request #159 from jstrachan/malarkey"
First time build. Skipping changelog.
[Pipeline] sh
+ git checkout master
Already on 'master'
[Pipeline] sh
+ git config credential.helper store
[Pipeline] sh
+ jx step git credentials
Generated Git credentials file /home/jenkins/git/credentials
[Pipeline] sh
+ jx-release-version
+ echo 0.0.144
[Pipeline] sh
+ GITHUB_ACCESS_TOKEN=**** make release
go: finding github.com/cpuguy83/go-md2man v1.0.8
go: finding github.com/rifflock/lfshook v0.0.0-20180227222202-bf539943797a
go: finding github.com/go-ini/ini v1.38.1
go: finding github.com/satori/go.uuid v1.2.0
go: finding github.com/blang/semver v3.5.1+incompatible
go: finding github.com/fatih/color v1.7.0
go: finding github.com/mailru/easyjson v0.0.0-20180823135443-60711f1a8329
go: finding github.com/xanzy/go-gitlab v0.0.0-20180903081119-2035275e8e04
go: finding github.com/google/btree v0.0.0-20180124185431-e89373fe6b4a
go: finding github.com/jstrachan/goa v0.0.0-20181221093540-6ea84ceb7d2e
go: finding github.com/russross/blackfriday v1.5.1
go: finding github.com/trivago/tgo v1.0.1
go: finding github.com/hashicorp/go-version v0.0.0-20180716215031-270f2f71b1ee
go: finding github.com/gorilla/context v1.1.1
go: finding github.com/danwakefield/fnmatch v0.0.0-20160403171240-cbb64ac3d964
go: finding github.com/kevinburke/ssh_config v0.0.0-20180317175531-9fc7bb800b55
go: finding gopkg.in/src-d/go-billy.v4 v4.2.0
go: finding github.com/mattn/go-colorable v0.0.9
go: finding github.com/prometheus/client_model v0.0.0-20180712105110-5c3871d89910
go: finding github.com/denormal/go-gitignore v0.0.0-20180713143441-75ce8f3e513c
go: finding github.com/ghodss/yaml v1.0.0
go: finding github.com/imdario/mergo v0.3.5
go: finding k8s.io/api v0.0.0-20181130031204-d04500c8c3dd
go: finding k8s.io/apiextensions-apiserver v0.0.0-20180621085152-bbc52469f98b
go: finding github.com/kubernetes/dashboard v1.10.0
go: finding github.com/sergi/go-diff v1.0.0
go: finding github.com/matttproud/golang_protobuf_extensions v1.0.1
go: finding github.com/prometheus/common v0.0.0-20180801064454-c7de2306084e
go: finding github.com/gobwas/glob v0.2.3
go: finding github.com/magiconair/properties v1.8.0
go: finding golang.org/x/sys v0.0.0-20181206074257-70b957f3b65e
go: finding github.com/gorilla/sessions v1.1.1
go: finding github.com/go-ole/go-ole v1.2.1
go: finding gopkg.in/warnings.v0 v0.1.2
go: finding golang.org/x/time v0.0.0-20180412165947-fbb02b2291d2
go: finding golang.org/x/tools v0.0.0-20180723204246-ded554d0681e
go: finding golang.org/x/net v0.0.0-20181005035420-146acd28ed58
go: finding github.com/emicklei/go-restful v2.8.0+incompatible
go: finding github.com/armon/go-metrics v0.0.0-20180620213357-58588f401c2c
go: finding github.com/knq/snaker v0.0.0-20180306023312-d9ad1e7f342a
go: finding github.com/inconshreveable/mousetrap v1.0.0
go: finding k8s.io/gengo v0.0.0-20180718083919-906d99f89cd6
go: finding github.com/fatih/structs v1.0.0
go: finding k8s.io/code-generator v0.0.0-20181017053441-8c97d6ab64da
go: finding github.com/google/go-cmp v0.2.0
go: finding github.com/modern-go/concurrent v0.0.0-20180306012644-bacd9c7ef1dd
go: finding gopkg.in/src-d/go-git.v4 v4.5.0
go: finding github.com/gophercloud/gophercloud v0.0.0-20180721014243-9bb899a7c1d9
go: finding github.com/manveru/faker v0.0.0-20171103152722-9fbc68a78c4d
go: finding github.com/mitchellh/go-homedir v0.0.0-20180523094522-3864e76763d9
go: finding github.com/jteeuwen/go-bindata v0.0.0-20180305030458-6025e8de665b
go: finding github.com/googleapis/gnostic v0.2.0
go: finding gopkg.in/inf.v0 v0.9.1
go: finding google.golang.org/genproto v0.0.0-20180731170733-daca94659cb5
go: finding github.com/gogo/protobuf v1.1.1
go: finding gopkg.in/square/go-jose.v2 v2.1.6
go: finding k8s.io/heapster v1.5.3
go: finding github.com/MakeNowJust/heredoc v0.0.0-20171113091838-e9091a26100e
go: finding github.com/prometheus/procfs v0.0.0-20180725123919-05ee40e3a273
go: finding github.com/shirou/gopsutil v0.0.0-20180901134234-eb1f1ab16f2e
go: finding github.com/beevik/etree v1.0.1
go: finding github.com/sirupsen/logrus v1.0.6
go: finding github.com/shurcooL/go v0.0.0-20180423040247-9e1955d9fb6e
go: finding golang.org/x/crypto v0.0.0-20181203042331-505ab145d0a9
go: finding google.golang.org/grpc v1.14.0
go: finding github.com/knq/sysutil v0.0.0-20180306023629-0218e141a794
go: finding github.com/dgrijalva/jwt-go v3.2.0+incompatible
go: finding github.com/hashicorp/go-immutable-radix v0.0.0-20180129170900-7f3cd4390caa
go: finding github.com/spf13/afero v1.1.1
go: finding github.com/Azure/draft v0.15.0
go: finding github.com/zach-klippenstein/goregen v0.0.0-20160303162051-795b5e3961ea
go: finding github.com/chromedp/chromedp v0.1.1
go: finding gopkg.in/yaml.v2 v2.2.1
go: finding github.com/stretchr/testify v1.2.2
go: finding cloud.google.com/go v0.25.0
go: finding github.com/Pallinder/go-randomdata v0.0.0-20180616180521-15df0648130a
go: finding code.gitea.io/sdk v0.0.0-20180702024448-79a281c4e34a
go: finding gopkg.in/AlecAivazis/survey.v1 v1.6.2
go: finding github.com/emirpasic/gods v1.9.0
go: finding github.com/jenkins-x/golang-jenkins v0.0.0-20180919102630-65b83ad42314
go: finding github.com/pkg/errors v0.8.0
go: finding github.com/kballard/go-shellquote v0.0.0-20180428030007-95032a82bc51
go: finding k8s.io/apiserver v0.0.0-20181113231642-cf5eff4f5e8f
go: finding github.com/disintegration/imaging v1.4.2
go: finding github.com/davecgh/go-spew v1.1.1
go: finding k8s.io/kube-openapi v0.0.0-20180719232738-d8ea2fe547a4
go: finding github.com/nlopes/slack v0.0.0-20180721202243-347a74b1ea30
go: finding github.com/gorilla/mux v1.6.2
go: finding github.com/aws/aws-sdk-go v1.15.50
go: finding github.com/mattbaird/jsonpatch v0.0.0-20171005235357-81af80346b1a
go: finding github.com/peterbourgon/diskv v2.0.1+incompatible
go: finding github.com/jbenet/go-context v0.0.0-20150711004518-d14ea06fba99
go: finding github.com/pelletier/go-toml v1.2.0
go: finding github.com/hashicorp/hcl v0.0.0-20180404174102-ef8a98b0bbce
go: finding github.com/cenkalti/backoff v2.0.0+incompatible
go: finding github.com/spf13/viper v1.0.2
go: finding github.com/Masterminds/semver v1.4.2
go: finding github.com/dimfeld/httptreemux v5.0.1+incompatible
go: finding github.com/spf13/jwalterweatherman v0.0.0-20180109140146-7c0cea34c8ec
go: finding github.com/spf13/cobra v0.0.3
go: finding gopkg.in/check.v1 v0.0.0-20161208181325-20d25e280405
go: finding github.com/Azure/go-autorest v10.14.0+incompatible
go: finding github.com/BurntSushi/toml v0.3.0
go: finding github.com/Jeffail/gabs v1.1.0
go: finding github.com/gregjones/httpcache v0.0.0-20180305231024-9cad4c3443a7
go: finding github.com/spf13/pflag v1.0.1
go: finding k8s.io/apimachinery v0.0.0-20180621070125-103fd098999d
go: finding golang.org/x/sync v0.0.0-20180314180146-1d60e4601c6f
go: finding github.com/beorn7/perks v0.0.0-20180321164747-3a771d992973
go: finding github.com/modern-go/reflect2 v0.0.0-20180701023420-4b7aa43c6742
go: finding gopkg.in/robfig/cron.v2 v2.0.0-20150107220207-be2e0b0deed5
go: finding contrib.go.opencensus.io/exporter/stackdriver v0.5.0
go: finding github.com/jbrukh/bayesian v0.0.0-20161210175230-bf3f261f9a9c
go: finding github.com/alexflint/go-filemutex v0.0.0-20171028004239-d358565f3c3f
go: finding github.com/src-d/gcfg v1.3.0
go: finding k8s.io/client-go v8.0.0+incompatible
go: finding github.com/gorilla/websocket v1.2.0
go: finding golang.org/x/oauth2 v0.0.0-20180620175406-ef147856a6dd
go: finding github.com/knative/pkg v0.0.0-20181126210222-862aa6dbe7b6
go: finding github.com/shurcooL/graphql v0.0.0-20180514000029-62c9ce094e75
go: finding github.com/heptio/sonobuoy v0.12.0
go: finding github.com/xanzy/ssh-agent v0.2.0
go: finding github.com/pmezard/go-difflib v1.0.0
go: finding github.com/dimfeld/httppath v0.0.0-20170720192232-ee938bf73598
go: finding github.com/gorilla/securecookie v1.1.1
go: finding github.com/jenkins-x/jx v1.3.681
go: finding google.golang.org/api v0.0.0-20180802201733-6c5c3d4ff961
go: finding github.com/hashicorp/golang-lru v0.0.0-20180201235237-0fb14efe8c47
go: finding github.com/andygrunwald/go-gerrit v0.0.0-20181026193842-43cfd7a94eb4
go: finding github.com/StackExchange/wmi v0.0.0-20180116203802-5d049714c4a6
go: finding k8s.io/helm v2.7.2+incompatible
go: finding github.com/gfleury/go-bitbucket-v1 v0.0.0-20181102191809-4910839b609e
go: finding github.com/pborman/uuid v0.0.0-20170612153648-e790cca94e6c
go: finding github.com/petergtz/pegomock v0.0.0-20181008215750-9750219ad78b
go: finding k8s.io/test-infra v0.0.0-20181113004108-9b11013021d9
go: finding github.com/google/go-querystring v0.0.0-20170111101155-53e6ce116135
go: finding github.com/shirou/w32 v0.0.0-20160930032740-bb4de0191aa4
go: finding google.golang.org/appengine v1.1.0
go: finding github.com/ryanuber/go-glob v0.0.0-20170128012129-256dc444b735
go: finding github.com/banzaicloud/bank-vaults v0.0.0-20181129101211-e31657d7c4fe
go: finding github.com/mitchellh/mapstructure v0.0.0-20180715050151-f15292f7a699
go: finding github.com/jenkins-x/draft-repo v0.0.0-20180417100212-2f66cc518135
go: finding go.opencensus.io v0.14.0
go: finding github.com/chromedp/cdproto v0.0.0-20180720050708-57cf4773008d
go: finding github.com/hashicorp/go-retryablehttp v0.0.0-20180718195005-e651d75abec6
go: finding github.com/hashicorp/go-sockaddr v0.0.0-20180320115054-6d291a969b86
go: finding github.com/prometheus/procfs v0.0.0-20180705121852-ae68e2d4c00f
go: finding github.com/IBM-Cloud/bluemix-go v0.0.0-20181008063305-d718d474c7c2
go: finding github.com/hashicorp/go-multierror v1.0.0
go: finding github.com/bwmarrin/snowflake v0.0.0-20180412010544-68117e6bbede
go: finding github.com/go-ini/ini v1.25.4
go: finding github.com/hashicorp/vault v0.11.4
go: finding gopkg.in/tomb.v1 v1.0.0-20141024135613-dd632973f1e7
go: finding github.com/alecthomas/template v0.0.0-20160405071501-a0175ee3bccc
go: finding k8s.io/cli-runtime v0.0.0-20181026155151-1ee5ba10d7e3
go: finding k8s.io/metrics v0.0.0-20180620010437-b11cf31b380b
go: finding github.com/docker/spdystream v0.0.0-20170912183627-bc6354cbbc29
go: finding google.golang.org/genproto v0.0.0-20180722052100-02b4e9547331
go: finding github.com/hashicorp/errwrap v1.0.0
go: finding google.golang.org/grpc v1.13.0
go: finding github.com/onsi/ginkgo v1.6.0
go: finding github.com/hpcloud/tail v1.0.0
go: finding github.com/wbrefvem/go-bitbucket v0.0.0-20180917214347-1c96061fe622
go: finding github.com/xanzy/go-gitlab v0.0.0-20180814191223-f3bc634ab936
go: finding k8s.io/api v0.0.0-20180628040859-072894a440bd
go: finding github.com/golang/snappy v0.0.0-20180518054509-2e65f85255db
go: finding k8s.io/kubernetes v1.11.3
go: finding github.com/googleapis/gax-go v2.0.0+incompatible
go: finding github.com/golang/protobuf v1.1.0
go: finding github.com/c2h5oh/datasize v0.0.0-20171227191756-4eba002a5eae
go: finding github.com/google/gofuzz v0.0.0-20170612174753-24818f796faf
go: finding github.com/jmespath/go-jmespath v0.0.0-20160202185014-0b12d6b521d8
go: finding github.com/google/go-github v17.0.0+incompatible
go: finding github.com/pelletier/go-buffruneio v0.2.0
go: finding gopkg.in/alecthomas/kingpin.v2 v2.2.6
go: finding github.com/viniciuschiele/tarx v0.0.0-20151205142357-6e3da540444d
go: finding google.golang.org/api v0.0.0-20180724000608-2c45710c7f3f
go: finding github.com/chromedp/cdproto v0.0.0-20180703215205-c125a34ea3b3
go: finding github.com/operator-framework/operator-sdk v0.0.0-20181011175812-913cbf711929
go: finding github.com/json-iterator/go v0.0.0-20180701071628-ab8a2e0c74be
go: finding github.com/prometheus/common v0.0.0-20180518154759-7600349dcfe1
go: finding github.com/acarl005/stripansi v0.0.0-20180116102854-5a71ef0e047d
go: finding github.com/alecthomas/units v0.0.0-20151022065526-2efee857e7cf
go: finding golang.org/x/image v0.0.0-20180628062038-cc896f830ced
go: finding github.com/hinshun/vt10x v0.0.0-20180809195222-d55458df857c
go: finding github.com/shurcooL/githubv4 v0.0.0-20180509030948-19298c78142b
go: finding github.com/knative/build v0.2.0
go: finding github.com/bouk/monkey v1.0.0
go: finding github.com/sethvargo/go-password v0.1.2
go: finding github.com/andygrunwald/go-jira v1.5.0
go: finding github.com/chai2010/gettext-go v0.0.0-20170215093142-bf70f2a70fb1
go: finding github.com/fsnotify/fsnotify v1.4.7
go: finding github.com/knative/build v0.0.0-20180906201914-846036c8b91d
go: finding github.com/hashicorp/go-cleanhttp v0.5.0
go: finding github.com/evanphx/json-patch v4.1.0+incompatible
go: finding github.com/jenkins-x/chyle v0.0.0-20180226080600-68f7a93a63ec
go: finding github.com/mgutz/ansi v0.0.0-20170206155736-9520e82c474b
go: finding github.com/hashicorp/go-rootcerts v0.0.0-20160503143440-6bb64b370b90
go: finding github.com/petar/GoLLRB v0.0.0-20130427215148-53be0d36a84c
go: finding github.com/golang/glog v0.0.0-20160126235308-23def4e6c14b
go: finding github.com/rodaine/hclencoder v0.0.0-20180926060551-0680c4321930
go: finding github.com/sethgrid/pester v0.0.0-20180430140037-03e26c9abbbf
go: finding github.com/mailru/easyjson v0.0.0-20180606163543-3fdea8d05856
go: finding gopkg.in/fsnotify.v1 v1.4.7
go: finding github.com/spf13/cast v1.2.0
go: finding github.com/pkg/browser v0.0.0-20170505125900-c90ca0c84f15
go: finding github.com/stoewer/go-strcase v1.0.1
go: finding github.com/kr/pty v1.1.2
go: finding github.com/go-openapi/spec v0.17.1
go: finding github.com/codeship/codeship-go v0.0.0-20180717142545-7793ca823354
go: finding github.com/prometheus/client_golang v0.8.0
go: finding github.com/Netflix/go-expect v0.0.0-20180814212900-124a37274874
go: finding golang.org/x/image v0.0.0-20180708004352-c73c2afc3b81
go: finding golang.org/x/text v0.3.0
go: finding github.com/mattn/go-isatty v0.0.3
go: finding github.com/onsi/gomega v1.4.1
go: finding github.com/pierrec/lz4 v2.0.5+incompatible
go: finding github.com/go-openapi/swag v0.17.0
go: finding github.com/go-openapi/jsonreference v0.17.0
go: finding github.com/PuerkitoBio/urlesc v0.0.0-20170810143723-de5bf2ad4578
go: finding github.com/go-openapi/jsonpointer v0.17.0
go: finding github.com/PuerkitoBio/purell v1.1.0
go: downloading github.com/blang/semver v3.5.1+incompatible
go: downloading k8s.io/apimachinery v0.0.0-20180621070125-103fd098999d
go: downloading golang.org/x/net v0.0.0-20181005035420-146acd28ed58
go: downloading github.com/heptio/sonobuoy v0.12.0
go: downloading github.com/jenkins-x/jx v1.3.681
go: downloading github.com/jstrachan/goa v0.0.0-20181221093540-6ea84ceb7d2e
go: downloading gopkg.in/AlecAivazis/survey.v1 v1.6.2
go: downloading k8s.io/api v0.0.0-20181130031204-d04500c8c3dd
go: downloading github.com/pkg/errors v0.8.0
go: downloading k8s.io/client-go v8.0.0+incompatible
go: downloading k8s.io/apiextensions-apiserver v0.0.0-20180621085152-bbc52469f98b
go: downloading github.com/kubernetes/dashboard v1.10.0
go: downloading github.com/gogo/protobuf v1.1.1
go: downloading k8s.io/metrics v0.0.0-20180620010437-b11cf31b380b
go: downloading golang.org/x/oauth2 v0.0.0-20180620175406-ef147856a6dd
go: downloading gopkg.in/yaml.v2 v2.2.1
go: downloading github.com/hashicorp/golang-lru v0.0.0-20180201235237-0fb14efe8c47
go: downloading github.com/nlopes/slack v0.0.0-20180721202243-347a74b1ea30
go: downloading github.com/jenkins-x/draft-repo v0.0.0-20180417100212-2f66cc518135
go: downloading github.com/hashicorp/go-version v0.0.0-20180716215031-270f2f71b1ee
go: downloading k8s.io/test-infra v0.0.0-20181113004108-9b11013021d9
go: downloading github.com/stretchr/testify v1.2.2
go: downloading github.com/ghodss/yaml v1.0.0
go: downloading github.com/jenkins-x/golang-jenkins v0.0.0-20180919102630-65b83ad42314
go: downloading github.com/google/go-github v17.0.0+incompatible
go: downloading github.com/stoewer/go-strcase v1.0.1
go: downloading github.com/chromedp/cdproto v0.0.0-20180720050708-57cf4773008d
go: finding github.com/cloudbees/core-backend/pkg/schema latest
go: finding github.com/cloudbees/core-backend/pkg/swagger latest
go: downloading github.com/IBM-Cloud/bluemix-go v0.0.0-20181008063305-d718d474c7c2
go: downloading gopkg.in/src-d/go-git.v4 v4.5.0
go: downloading github.com/golang/glog v0.0.0-20160126235308-23def4e6c14b
go: downloading github.com/sergi/go-diff v1.0.0
go: downloading github.com/aws/aws-sdk-go v1.15.50
go: downloading github.com/alexflint/go-filemutex v0.0.0-20171028004239-d358565f3c3f
go: downloading github.com/google/go-querystring v0.0.0-20170111101155-53e6ce116135
go: downloading github.com/pborman/uuid v0.0.0-20170612153648-e790cca94e6c
go: downloading github.com/codeship/codeship-go v0.0.0-20180717142545-7793ca823354
go: downloading golang.org/x/time v0.0.0-20180412165947-fbb02b2291d2
go: downloading github.com/Azure/draft v0.15.0
go: downloading github.com/rodaine/hclencoder v0.0.0-20180926060551-0680c4321930
go: downloading github.com/mailru/easyjson v0.0.0-20180823135443-60711f1a8329
go: downloading github.com/satori/go.uuid v1.2.0
go: downloading k8s.io/helm v2.7.2+incompatible
go: downloading github.com/knq/sysutil v0.0.0-20180306023629-0218e141a794
go: downloading github.com/sirupsen/logrus v1.0.6
go: downloading github.com/knative/build v0.2.0
go: downloading code.gitea.io/sdk v0.0.0-20180702024448-79a281c4e34a
go: finding github.com/cloudbees/core-backend/pkg latest
go: downloading github.com/banzaicloud/bank-vaults v0.0.0-20181129101211-e31657d7c4fe
go: downloading github.com/davecgh/go-spew v1.1.1
go: downloading golang.org/x/sys v0.0.0-20181206074257-70b957f3b65e
go: downloading github.com/gfleury/go-bitbucket-v1 v0.0.0-20181102191809-4910839b609e
go: downloading github.com/hashicorp/hcl v0.0.0-20180404174102-ef8a98b0bbce
go: downloading github.com/spf13/cobra v0.0.3
go: downloading golang.org/x/crypto v0.0.0-20181203042331-505ab145d0a9
go: downloading golang.org/x/sync v0.0.0-20180314180146-1d60e4601c6f
go: downloading github.com/golang/protobuf v1.1.0
go: downloading github.com/imdario/mergo v0.3.5
go: downloading github.com/gobwas/glob v0.2.3
go: downloading github.com/manveru/faker v0.0.0-20171103152722-9fbc68a78c4d
go: downloading github.com/operator-framework/operator-sdk v0.0.0-20181011175812-913cbf711929
go: downloading gopkg.in/src-d/go-billy.v4 v4.2.0
go: downloading github.com/mitchellh/mapstructure v0.0.0-20180715050151-f15292f7a699
go: downloading github.com/armon/go-metrics v0.0.0-20180620213357-58588f401c2c
go: downloading github.com/onsi/ginkgo v1.6.0
go: downloading github.com/dimfeld/httppath v0.0.0-20170720192232-ee938bf73598
go: downloading github.com/cenkalti/backoff v2.0.0+incompatible
go: downloading github.com/russross/blackfriday v1.5.1
go: downloading github.com/hpcloud/tail v1.0.0
go: downloading github.com/dimfeld/httptreemux v5.0.1+incompatible
go: downloading github.com/sethvargo/go-password v0.1.2
go: downloading github.com/chromedp/chromedp v0.1.1
go: downloading github.com/prometheus/common v0.0.0-20180801064454-c7de2306084e
go: downloading github.com/fatih/structs v1.0.0
go: downloading github.com/xanzy/go-gitlab v0.0.0-20180903081119-2035275e8e04
go: downloading github.com/shirou/gopsutil v0.0.0-20180901134234-eb1f1ab16f2e
go: downloading github.com/andygrunwald/go-jira v1.5.0
go: downloading github.com/emirpasic/gods v1.9.0
go: downloading github.com/denormal/go-gitignore v0.0.0-20180713143441-75ce8f3e513c
go: downloading github.com/jbrukh/bayesian v0.0.0-20161210175230-bf3f261f9a9c
go: downloading github.com/fatih/color v1.7.0
go: downloading github.com/jenkins-x/chyle v0.0.0-20180226080600-68f7a93a63ec
go: downloading golang.org/x/text v0.3.0
go: downloading github.com/kballard/go-shellquote v0.0.0-20180428030007-95032a82bc51
go: downloading github.com/jbenet/go-context v0.0.0-20150711004518-d14ea06fba99
go: downloading google.golang.org/api v0.0.0-20180802201733-6c5c3d4ff961
go: downloading github.com/spf13/viper v1.0.2
go: downloading gopkg.in/tomb.v1 v1.0.0-20141024135613-dd632973f1e7
go: downloading github.com/disintegration/imaging v1.4.2
go: downloading github.com/MakeNowJust/heredoc v0.0.0-20171113091838-e9091a26100e
go: downloading cloud.google.com/go v0.25.0
go: downloading gopkg.in/fsnotify.v1 v1.4.7
go: downloading github.com/fsnotify/fsnotify v1.4.7
go: downloading github.com/spf13/pflag v1.0.1
go: downloading github.com/jmespath/go-jmespath v0.0.0-20160202185014-0b12d6b521d8
go: downloading github.com/spf13/cast v1.2.0
go: downloading k8s.io/kube-openapi v0.0.0-20180719232738-d8ea2fe547a4
go: downloading github.com/emicklei/go-restful v2.8.0+incompatible
go: downloading github.com/gregjones/httpcache v0.0.0-20180305231024-9cad4c3443a7
go: downloading github.com/Jeffail/gabs v1.1.0
go: downloading github.com/andygrunwald/go-gerrit v0.0.0-20181026193842-43cfd7a94eb4
go: downloading github.com/kevinburke/ssh_config v0.0.0-20180317175531-9fc7bb800b55
go: downloading k8s.io/heapster v1.5.3
go: downloading github.com/gorilla/websocket v1.2.0
go: downloading github.com/bwmarrin/snowflake v0.0.0-20180412010544-68117e6bbede
go: downloading github.com/danwakefield/fnmatch v0.0.0-20160403171240-cbb64ac3d964
go: downloading github.com/Pallinder/go-randomdata v0.0.0-20180616180521-15df0648130a
go: downloading github.com/peterbourgon/diskv v2.0.1+incompatible
go: downloading github.com/googleapis/gnostic v0.2.0
go: downloading github.com/json-iterator/go v0.0.0-20180701071628-ab8a2e0c74be
go: downloading github.com/cpuguy83/go-md2man v1.0.8
go: downloading github.com/google/gofuzz v0.0.0-20170612174753-24818f796faf
go: downloading github.com/spf13/afero v1.1.1
go: downloading github.com/knative/pkg v0.0.0-20181126210222-862aa6dbe7b6
go: downloading gopkg.in/alecthomas/kingpin.v2 v2.2.6
go: downloading github.com/pelletier/go-buffruneio v0.2.0
go: downloading github.com/pkg/browser v0.0.0-20170505125900-c90ca0c84f15
go: downloading github.com/trivago/tgo v1.0.1
go: downloading github.com/beevik/etree v1.0.1
go: downloading github.com/wbrefvem/go-bitbucket v0.0.0-20180917214347-1c96061fe622
go: downloading github.com/alecthomas/template v0.0.0-20160405071501-a0175ee3bccc
go: downloading github.com/BurntSushi/toml v0.3.0
go: downloading github.com/Masterminds/semver v1.4.2
go: downloading github.com/alecthomas/units v0.0.0-20151022065526-2efee857e7cf
go: downloading golang.org/x/image v0.0.0-20180708004352-c73c2afc3b81
go: downloading github.com/spf13/jwalterweatherman v0.0.0-20180109140146-7c0cea34c8ec
go: downloading github.com/gophercloud/gophercloud v0.0.0-20180721014243-9bb899a7c1d9
go: downloading github.com/zach-klippenstein/goregen v0.0.0-20160303162051-795b5e3961ea
go: downloading github.com/Azure/go-autorest v10.14.0+incompatible
go: downloading github.com/pmezard/go-difflib v1.0.0
go: downloading github.com/prometheus/client_golang v0.8.0
go: downloading gopkg.in/square/go-jose.v2 v2.1.6
go: downloading github.com/prometheus/procfs v0.0.0-20180725123919-05ee40e3a273
go: downloading github.com/c2h5oh/datasize v0.0.0-20171227191756-4eba002a5eae
go: downloading github.com/modern-go/concurrent v0.0.0-20180306012644-bacd9c7ef1dd
go: downloading github.com/magiconair/properties v1.8.0
go: downloading github.com/xanzy/ssh-agent v0.2.0
go: downloading github.com/hashicorp/go-immutable-radix v0.0.0-20180129170900-7f3cd4390caa
go: downloading github.com/gorilla/sessions v1.1.1
go: downloading github.com/mattn/go-colorable v0.0.9
go: downloading github.com/modern-go/reflect2 v0.0.0-20180701023420-4b7aa43c6742
go: downloading github.com/hashicorp/vault v0.11.4
go: downloading github.com/src-d/gcfg v1.3.0
go: downloading github.com/mgutz/ansi v0.0.0-20170206155736-9520e82c474b
go: downloading github.com/google/btree v0.0.0-20180124185431-e89373fe6b4a
go: downloading google.golang.org/grpc v1.14.0
go: downloading github.com/shurcooL/githubv4 v0.0.0-20180509030948-19298c78142b
go: downloading google.golang.org/genproto v0.0.0-20180731170733-daca94659cb5
go: downloading github.com/gorilla/context v1.1.1
go: downloading github.com/dgrijalva/jwt-go v3.2.0+incompatible
go: downloading github.com/prometheus/client_model v0.0.0-20180712105110-5c3871d89910
go: downloading go.opencensus.io v0.14.0
go: downloading github.com/googleapis/gax-go v2.0.0+incompatible
go: downloading github.com/mattbaird/jsonpatch v0.0.0-20171005235357-81af80346b1a
go: downloading github.com/shurcooL/graphql v0.0.0-20180514000029-62c9ce094e75
go: downloading github.com/shurcooL/go v0.0.0-20180423040247-9e1955d9fb6e
go: downloading github.com/matttproud/golang_protobuf_extensions v1.0.1
go: downloading github.com/pelletier/go-toml v1.2.0
go: downloading github.com/gorilla/securecookie v1.1.1
go: downloading github.com/gorilla/mux v1.6.2
go: downloading github.com/go-ini/ini v1.38.1
go: downloading gopkg.in/inf.v0 v0.9.1
go: downloading github.com/docker/spdystream v0.0.0-20170912183627-bc6354cbbc29
go: downloading gopkg.in/warnings.v0 v0.1.2
go: downloading gopkg.in/robfig/cron.v2 v2.0.0-20150107220207-be2e0b0deed5
go: downloading github.com/mattn/go-isatty v0.0.3
go: downloading github.com/mitchellh/go-homedir v0.0.0-20180523094522-3864e76763d9
go: downloading github.com/viniciuschiele/tarx v0.0.0-20151205142357-6e3da540444d
go: downloading github.com/evanphx/json-patch v4.1.0+incompatible
go: downloading github.com/beorn7/perks v0.0.0-20180321164747-3a771d992973
go: downloading github.com/google/go-cmp v0.2.0
go: downloading github.com/rifflock/lfshook v0.0.0-20180227222202-bf539943797a
go: downloading contrib.go.opencensus.io/exporter/stackdriver v0.5.0
go: downloading github.com/hashicorp/errwrap v1.0.0
go: downloading github.com/hashicorp/go-multierror v1.0.0
go: downloading github.com/hashicorp/go-cleanhttp v0.5.0
go: downloading github.com/pierrec/lz4 v2.0.5+incompatible
go: downloading github.com/hashicorp/go-sockaddr v0.0.0-20180320115054-6d291a969b86
go: downloading github.com/hashicorp/go-retryablehttp v0.0.0-20180718195005-e651d75abec6
go: downloading github.com/ryanuber/go-glob v0.0.0-20170128012129-256dc444b735
go: downloading github.com/golang/snappy v0.0.0-20180518054509-2e65f85255db
go: downloading github.com/hashicorp/go-rootcerts v0.0.0-20160503143440-6bb64b370b90
go: finding github.com/goadesign/goa v1.4.0
GO111MODULE=off go get -u github.com/goadesign/goa/goagen
GO111MODULE=off go get -u github.com/jteeuwen/go-bindata/go-bindata
goagen app -d github.com/cloudbees/core-backend/pkg/design -o pkg/controller
pkg/controller/app
pkg/controller/app/contexts.go
pkg/controller/app/controllers.go
pkg/controller/app/security.go
pkg/controller/app/hrefs.go
pkg/controller/app/media_types.go
pkg/controller/app/user_types.go
pkg/controller/app/test
pkg/controller/app/test/activity_testing.go
pkg/controller/app/test/environment_apps_testing.go
pkg/controller/app/test/info_testing.go
pkg/controller/app/test/kubeproxy_testing.go
pkg/controller/app/test/kubeql_testing.go
pkg/controller/app/test/pipelines_testing.go
pkg/controller/app/test/static_content_testing.go
pkg/controller/app/test/swagger_testing.go
pkg/controller/app/test/tag_testing.go
pkg/controller/app/test/team_testing.go
pkg/controller/app/test/user_testing.go
goagen controller -d github.com/cloudbees/core-backend/pkg/design -o pkg/controller/ --pkg controller --app-pkg app

goagen swagger -d github.com/cloudbees/core-backend/pkg/design -o pkg
pkg/swagger
pkg/swagger/swagger.json
pkg/swagger/swagger.yaml
goagen schema -d github.com/cloudbees/core-backend/pkg/design -o pkg
pkg/schema
pkg/schema/schema.json
go-bindata \
	-o pkg/schema/bindata.go \
	-pkg schema \
	-prefix '' \
	-nocompress \
	pkg/schema
go-bindata \
	-o pkg/swagger/bindata.go \
	-pkg swagger \
	-prefix '' \
	-nocompress \
	pkg/swagger
CGO_ENABLED=0 GO111MODULE=on GO15VENDOREXPERIMENT=1 go build -ldflags " -X github.com/cloudbees/core-backend/pkg/version.Version=0.0.144 -X github.com/cloudbees/core-backend/pkg/version.Revision=64040aa5 -X github.com/cloudbees/core-backend/pkg/version.Sha1=64040aa5b3ec7738550cd15e84e751baec3b2527 -X github.com/cloudbees/core-backend/pkg/version.Branch='master' -X github.com/cloudbees/core-backend/pkg/version.BuildDate='20181221-11:03:54' -X github.com/cloudbees/core-backend/pkg/version.GoVersion='1.11'" -o build/core cmd/core/core.go
DISABLE_SSO=true CGO_ENABLED=0 GO111MODULE=on GO15VENDOREXPERIMENT=1 go test github.com/cloudbees/core-backend/cmd/core github.com/cloudbees/core-backend/cmd/core/app github.com/cloudbees/core-backend/pkg/apis/cloudbees.com github.com/cloudbees/core-backend/pkg/apis/cloudbees.com/v1 github.com/cloudbees/core-backend/pkg/apps github.com/cloudbees/core-backend/pkg/caching github.com/cloudbees/core-backend/pkg/client/clientset/versioned github.com/cloudbees/core-backend/pkg/client/clientset/versioned/fake github.com/cloudbees/core-backend/pkg/client/clientset/versioned/scheme github.com/cloudbees/core-backend/pkg/client/clientset/versioned/typed/cloudbees.com/v1 github.com/cloudbees/core-backend/pkg/client/clientset/versioned/typed/cloudbees.com/v1/fake github.com/cloudbees/core-backend/pkg/client/informers/externalversions github.com/cloudbees/core-backend/pkg/client/informers/externalversions/cloudbees.com github.com/cloudbees/core-backend/pkg/client/informers/externalversions/cloudbees.com/v1 github.com/cloudbees/core-backend/pkg/client/informers/externalversions/internalinterfaces github.com/cloudbees/core-backend/pkg/client/listers/cloudbees.com/v1 github.com/cloudbees/core-backend/pkg/common github.com/cloudbees/core-backend/pkg/controller github.com/cloudbees/core-backend/pkg/controller/app github.com/cloudbees/core-backend/pkg/controller/app/test github.com/cloudbees/core-backend/pkg/core/cmd github.com/cloudbees/core-backend/pkg/design github.com/cloudbees/core-backend/pkg/jwt github.com/cloudbees/core-backend/pkg/kube github.com/cloudbees/core-backend/pkg/kubeql github.com/cloudbees/core-backend/pkg/log github.com/cloudbees/core-backend/pkg/nodes github.com/cloudbees/core-backend/pkg/version -test.v
go: downloading github.com/petergtz/pegomock v0.0.0-20181008215750-9750219ad78b
go: downloading github.com/onsi/gomega v1.4.1
?   	github.com/cloudbees/core-backend/cmd/core	[no test files]
?   	github.com/cloudbees/core-backend/cmd/core/app	[no test files]
?   	github.com/cloudbees/core-backend/pkg/apis/cloudbees.com	[no test files]
?   	github.com/cloudbees/core-backend/pkg/apis/cloudbees.com/v1	[no test files]
time="2018-12-21T11:07:07Z" level=info msg="Pipeline cache enabled: true" source="activity.go:19"
=== RUN   TestCreateEnvironmentRef
--- PASS: TestCreateEnvironmentRef (0.00s)
=== RUN   TestBuildActivePipelineInfo
--- PASS: TestBuildActivePipelineInfo (0.00s)
=== RUN   TestGetGitOwnerAndAppName
--- PASS: TestGetGitOwnerAndAppName (0.00s)
=== RUN   TestDefaultActivePipelines
--- PASS: TestDefaultActivePipelines (0.00s)
PASS
ok  	github.com/cloudbees/core-backend/pkg/apps	0.777s
?   	github.com/cloudbees/core-backend/pkg/caching	[no test files]
?   	github.com/cloudbees/core-backend/pkg/client/clientset/versioned	[no test files]
?   	github.com/cloudbees/core-backend/pkg/client/clientset/versioned/fake	[no test files]
?   	github.com/cloudbees/core-backend/pkg/client/clientset/versioned/scheme	[no test files]
?   	github.com/cloudbees/core-backend/pkg/client/clientset/versioned/typed/cloudbees.com/v1	[no test files]
?   	github.com/cloudbees/core-backend/pkg/client/clientset/versioned/typed/cloudbees.com/v1/fake	[no test files]
?   	github.com/cloudbees/core-backend/pkg/client/informers/externalversions	[no test files]
?   	github.com/cloudbees/core-backend/pkg/client/informers/externalversions/cloudbees.com	[no test files]
?   	github.com/cloudbees/core-backend/pkg/client/informers/externalversions/cloudbees.com/v1	[no test files]
?   	github.com/cloudbees/core-backend/pkg/client/informers/externalversions/internalinterfaces	[no test files]
?   	github.com/cloudbees/core-backend/pkg/client/listers/cloudbees.com/v1	[no test files]
?   	github.com/cloudbees/core-backend/pkg/common	[no test files]
time="2018-12-21T11:07:20Z" level=info msg="Pipeline cache enabled: true" source="activity.go:19"
=== RUN   TestKubePaths
--- PASS: TestKubePaths (0.00s)
=== RUN   TestCreateUser
=== PAUSE TestCreateUser
=== RUN   TestKubeProxy
--- PASS: TestKubeProxy (0.00s)
=== RUN   TestTag
--- PASS: TestTag (0.00s)
=== CONT  TestCreateUser
=== RUN   TestCreateUser/update_user_with_role_binding
=== RUN   TestCreateUser/create_user
=== RUN   TestCreateUser/update_user
=== RUN   TestCreateUser/update_user_with_service_account_and_role_binding
--- PASS: TestCreateUser (0.00s)
    --- PASS: TestCreateUser/update_user_with_role_binding (0.00s)
    --- PASS: TestCreateUser/create_user (0.00s)
    --- PASS: TestCreateUser/update_user (0.00s)
    --- PASS: TestCreateUser/update_user_with_service_account_and_role_binding (0.00s)
PASS
ok  	github.com/cloudbees/core-backend/pkg/controller	0.380s
?   	github.com/cloudbees/core-backend/pkg/controller/app	[no test files]
?   	github.com/cloudbees/core-backend/pkg/controller/app/test	[no test files]
?   	github.com/cloudbees/core-backend/pkg/core/cmd	[no test files]
?   	github.com/cloudbees/core-backend/pkg/design	[no test files]
=== RUN   TestParseTokenFromRequest
--- PASS: TestParseTokenFromRequest (0.00s)
=== RUN   TestExtractIssuerURL
--- PASS: TestExtractIssuerURL (0.00s)
=== RUN   TestRetrieveUserinfo
--- PASS: TestRetrieveUserinfo (0.00s)
PASS
ok  	github.com/cloudbees/core-backend/pkg/jwt	0.064s
?   	github.com/cloudbees/core-backend/pkg/kube	[no test files]
=== RUN   TestKubeQLQueryMultipleResources
--- PASS: TestKubeQLQueryMultipleResources (0.00s)
=== RUN   TestKubeQLQueryMultipleResourcesWithDefaultNamespace
--- PASS: TestKubeQLQueryMultipleResourcesWithDefaultNamespace (0.00s)
=== RUN   TestKubeQLSingleResource
--- PASS: TestKubeQLSingleResource (0.00s)
PASS
ok  	github.com/cloudbees/core-backend/pkg/kubeql	0.166s
?   	github.com/cloudbees/core-backend/pkg/log	[no test files]
?   	github.com/cloudbees/core-backend/pkg/nodes	[no test files]
?   	github.com/cloudbees/core-backend/pkg/version	[no test files]
rm -rf build release && mkdir build release
for os in linux darwin ; do \
	CGO_ENABLED=0 GOOS=$os GOARCH=amd64 GO111MODULE=on GO15VENDOREXPERIMENT=1 go build -ldflags " -X github.com/cloudbees/core-backend/pkg/version.Version=0.0.144 -X github.com/cloudbees/core-backend/pkg/version.Revision=64040aa5 -X github.com/cloudbees/core-backend/pkg/version.Sha1=64040aa5b3ec7738550cd15e84e751baec3b2527 -X github.com/cloudbees/core-backend/pkg/version.Branch='master' -X github.com/cloudbees/core-backend/pkg/version.BuildDate='20181221-11:03:54' -X github.com/cloudbees/core-backend/pkg/version.GoVersion='1.11'" -o build/$os/core cmd/core/core.go ; \
done
# core runs in kubernetes so shouldn't need windows binaries
# CGO_ENABLED=0 GOOS=windows GOARCH=amd64 GO111MODULE=on GO15VENDOREXPERIMENT=1 go build -ldflags " -X github.com/cloudbees/core-backend/pkg/version.Version=0.0.144 -X github.com/cloudbees/core-backend/pkg/version.Revision=64040aa5 -X github.com/cloudbees/core-backend/pkg/version.Sha1=64040aa5b3ec7738550cd15e84e751baec3b2527 -X github.com/cloudbees/core-backend/pkg/version.Branch='master' -X github.com/cloudbees/core-backend/pkg/version.BuildDate='20181221-11:03:54' -X github.com/cloudbees/core-backend/pkg/version.GoVersion='1.11'" -o build/core-windows-amd64.exe cmd/core/core.go
# zip --junk-paths release/core-windows-amd64.zip build/core-windows-amd64.exe README.md LICENSE
# CGO_ENABLED=0 GOOS=linux GOARCH=arm GO111MODULE=on GO15VENDOREXPERIMENT=1 go build -ldflags " -X github.com/cloudbees/core-backend/pkg/version.Version=0.0.144 -X github.com/cloudbees/core-backend/pkg/version.Revision=64040aa5 -X github.com/cloudbees/core-backend/pkg/version.Sha1=64040aa5b3ec7738550cd15e84e751baec3b2527 -X github.com/cloudbees/core-backend/pkg/version.Branch='master' -X github.com/cloudbees/core-backend/pkg/version.BuildDate='20181221-11:03:54' -X github.com/cloudbees/core-backend/pkg/version.GoVersion='1.11'" -o build/arm/core cmd/core/core.go
chmod +x build/darwin/core
chmod +x build/linux/core
# chmod +x build/arm/core
cp ./build/linux/core ./build/core
cd ./build/darwin; tar -zcvf ../../release/core-darwin-amd64.tar.gz core
core
cd ./build/linux; tar -zcvf ../../release/core-linux-amd64.tar.gz core
core
# cd ./build/arm; tar -zcvf ../../release/core-linux-arm.tar.gz core
go get -u github.com/progrium/gh-release
go get: warning: modules disabled by GO111MODULE=auto in GOPATH/src;
	ignoring go.mod;
	see 'go help modules'
gh-release checksums sha256
Writing sha256 checksum files...
gh-release create cloudbees/core-backend 0.0.144 master 0.0.144
Creating release v0.0.144 from branch master ...
Uploading core-darwin-amd64.tar.gz ...
  % Total    % Received % Xferd  Average Speed   Time    Time     Time  Current
                                 Dload  Upload   Total   Spent    Left  Speed
  0     0    0     0    0     0      0      0 --:--:-- --:--:-- --:--:--     0  0 24.8M    0     0    0     0      0      0 --:--:-- --:--:-- --:--:--     0 42 24.8M    0     0   42 10.5M      0  5986k  0:00:04  0:00:01  0:00:03 5985k100 24.8M    0   668  100 24.8M    228  8710k  0:00:02  0:00:02 --:--:-- 8709k100 24.8M    0  1449  100 24.8M    495  8692k  0:00:02  0:00:02 --:--:-- 8691k
Uploading core-darwin-amd64.tar.gz.sha256 ...
  % Total    % Received % Xferd  Average Speed   Time    Time     Time  Current
                                 Dload  Upload   Total   Spent    Left  Speed
  0     0    0     0    0     0      0      0 --:--:-- --:--:-- --:--:--     0100  1530    0  1465  100    65   2693    119 --:--:-- --:--:-- --:--:--  2697
Uploading core-linux-amd64.tar.gz ...
  % Total    % Received % Xferd  Average Speed   Time    Time     Time  Current
                                 Dload  Upload   Total   Spent    Left  Speed
  0     0    0     0    0     0      0      0 --:--:-- --:--:-- --:--:--     0  0     0    0     0    0     0      0      0 --:--:-- --:--:-- --:--:--     0 30 24.9M    0     0   30 7680k      0  6048k  0:00:04  0:00:01  0:00:03 6047k100 24.9M    0     0  100 24.9M      0  9052k  0:00:02  0:00:02 --:--:-- 9050k100 24.9M    0   668  100 24.9M    204  7791k  0:00:03  0:00:03 --:--:-- 7790k100 24.9M    0  1447  100 24.9M    441  7791k  0:00:03  0:00:03 --:--:-- 7790k
Uploading core-linux-amd64.tar.gz.sha256 ...
  % Total    % Received % Xferd  Average Speed   Time    Time     Time  Current
                                 Dload  Upload   Total   Spent    Left  Speed
  0     0    0     0    0     0      0      0 --:--:-- --:--:-- --:--:--     0100    65    0     0  100    65      0     51  0:00:01  0:00:01 --:--:--    51100  1528    0  1463  100    65    922     41  0:00:01  0:00:01 --:--:--   923
docker build -t docker.io/jenkinsxio/core-backend:0.0.144 .
Sending build context to Docker daemon  313.3MB
Step 1/9 : FROM alpine:3.8
3.8: Pulling from library/alpine
cd784148e348: Pulling fs layer
cd784148e348: Verifying Checksum
cd784148e348: Download complete
cd784148e348: Pull complete
Digest: sha256:6e6778d41552b2d73b437e3e07c8e8299bd6903e9560419b1dd19e7a590fd670
Status: Downloaded newer image for alpine:3.8
 ---> 3f53bb00af94
Step 2/9 : RUN apk update && apk add --no-cache curl ca-certificates git tar
 ---> Running in 47cfdfe42ed0
fetch http://dl-cdn.alpinelinux.org/alpine/v3.8/main/x86_64/APKINDEX.tar.gz
fetch http://dl-cdn.alpinelinux.org/alpine/v3.8/community/x86_64/APKINDEX.tar.gz
v3.8.2-3-g7d67c17120 [http://dl-cdn.alpinelinux.org/alpine/v3.8/main]
v3.8.1-181-gf4058e1a22 [http://dl-cdn.alpinelinux.org/alpine/v3.8/community]
OK: 9542 distinct packages available
fetch http://dl-cdn.alpinelinux.org/alpine/v3.8/main/x86_64/APKINDEX.tar.gz
fetch http://dl-cdn.alpinelinux.org/alpine/v3.8/community/x86_64/APKINDEX.tar.gz
(1/9) Installing ca-certificates (20171114-r3)
(2/9) Installing nghttp2-libs (1.32.0-r0)
(3/9) Installing libssh2 (1.8.0-r3)
(4/9) Installing libcurl (7.61.1-r1)
(5/9) Installing curl (7.61.1-r1)
(6/9) Installing expat (2.2.5-r0)
(7/9) Installing pcre2 (10.31-r0)
(8/9) Installing git (2.18.1-r0)
(9/9) Installing tar (1.30-r0)
Executing busybox-1.28.4-r2.trigger
Executing ca-certificates-20171114-r3.trigger
OK: 20 MiB in 22 packages
 ---> 2ebb9ffd0491
Removing intermediate container 47cfdfe42ed0
Step 3/9 : ENV HELM_VERSION 2.10.0
 ---> Running in a6151a8109c4
 ---> ad24b169cb6e
Removing intermediate container a6151a8109c4
Step 4/9 : RUN curl https://storage.googleapis.com/kubernetes-helm/helm-v${HELM_VERSION}-linux-amd64.tar.gz  | tar xzv &&   mv linux-amd64/helm /usr/bin/ &&   rm -rf linux-amd64
 ---> Running in 0dc640dd2204
[91m  %[0m[91m [0m[91mTotal    % Received % Xferd  Avera[0m[91mge Sp[0m[91me[0m[91me[0m[91md [0m[91m  Time    Time     Time  Current
                              [0m[91m   Dlo[0m[91mad[0m[91m [0m[91m [0m[91mU[0m[91mpl[0m[91mo[0m[91ma[0m[91md [0m[91m [0m[91m Total   Spent    Left  Speed
 [0m[91m 0     0    0     0    0     0      0      0 --:--:-- --:--:-- --:--:--     0[0m[91m  0     0    0     0    0     0      0      0 --:--:-- --:--:-- --:--:--   [0m[91m  0[0mlinux-amd64/
linux-amd64/LICENSE
linux-amd64/helm
[91m100 8991k  100 8991k    0     0  11.5M      0 --:--:-- --:--:-- --:--:-- 11.5M
[0mlinux-amd64/README.md
 ---> ff8a6c85a1c7
Removing intermediate container 0dc640dd2204
Step 5/9 : RUN curl -L https://github.com/jstrachan/helm/releases/download/untagged-93375777c6644a452a64/helm-linux-amd64.tar.gz | tar xzv &&   mv helm /usr/bin/helm3
 ---> Running in 5a6d67f3b3f8
[91m  % Total    % Received % Xferd  Average Speed   Time    Time     Time  Current
                                 Dload  Upload   Total   Spent    Left  Speed
  0     0    0     0    0     0      0      0 --:[0m[91m--:-- --:--:-- --:--:--     0[0m[91m  0     0    0     0    0     0      0      0 --:--:-- --:--:-- --:--:--     0[0m[91m100   613    0   613    0     0   2575      0 --:--:-- --:--:-- --:--:--  2564
[0mhelm
[91m  6 9020k    6  560k    0     0   525k      0  0:00:17  0:00:01  0:00:16  525k[0m[91m100 9020k  100 9020k    0     0  5655k      0  0:00:01  0:00:01 --:--:-- 15.6M
[0m ---> 9a6b3b800587
Removing intermediate container 5a6d67f3b3f8
Step 6/9 : RUN curl -L https://github.com/jstrachan/helm-tiller-release/releases/download/2.10.0/tiller.tar.gz | tar xzv &&   chmod +x tiller &&   mv tiller /usr/bin/
 ---> Running in 3141cd3c8a4b
[91m [0m[91m [0m[91m%[0m[91m [0m[91mT[0m[91mo[0m[91mt[0m[91mal    [0m[91m%[0m[91m [0m[91mR[0m[91me[0m[91mc[0m[91me[0m[91mi[0m[91mved % Xferd  Average Speed   Time [0m[91m [0m[91m [0m[91m Time  [0m[91m   Time  Current
                                 Dload  Upload   Total   Spent    Left  Speed
[0m[91m  [0m[91m0[0m[91m  [0m[91m [0m[91m [0m[91m 0[0m[91m [0m[91m [0m[91m  [0m[91m0[0m[91m [0m[91m [0m[91m [0m[91m  [0m[91m0[0m[91m [0m[91m  [0m[91m [0m[91m0[0m[91m [0m[91m [0m[91m   [0m[91m0[0m[91m  [0m[91m [0m[91m [0m[91m  [0m[91m0[0m[91m [0m[91m [0m[91m  [0m[91m [0m[91m 0[0m[91m [0m[91m-[0m[91m-[0m[91m:[0m[91m--[0m[91m:[0m[91m--[0m[91m -[0m[91m-:[0m[91m-[0m[91m-[0m[91m:[0m[91m-- -[0m[91m-:[0m[91m--[0m[91m:[0m[91m-[0m[91m-   [0m[91m  [0m[91m0[0m[91m  0     0    0     0    0     0      0      0 --:--:-- --:--:-- --:--:--     0[0m[91m100   604    0   604    0     0   1106      0 --:--:-- --:--:-- --:--:--  1104
[0mtiller
[91m  1 9040k    1  135k    0     0   108k      0  0:01:23  0:00:01  0:01:22  108k[0m[91m100 9040k  100 9040k    0     0  4561k      0  0:00:01  0:00:01 --:--:-- 11.8M
[0m ---> c66c05860911
Removing intermediate container 3141cd3c8a4b
Step 7/9 : RUN curl -LO https://storage.googleapis.com/kubernetes-release/release/$(curl -s https://storage.googleapis.com/kubernetes-release/release/stable.txt)/bin/linux/amd64/kubectl &&   chmod +x kubectl &&   mv kubectl /usr/bin/
 ---> Running in d3b2df3b652a
[91m  % Total    % Received % Xferd  Average Speed   Time    Time     Time  Current
                                 D[0m[91mload  Upload   Total   Spent    Left  Speed
  0     0    0     0    0     0      0      0 --:--:-- --:--:-- --:--:--     0[0m[91m 29 37.4M   29 11.1M    0     0  23.8M      0  0:00:01 --:--:--  0:00:01 23.8M[0m[91m100 37.4M  100 37.4M    0     0  57.4M      0 --:--:-- --:--:-- --:--:-- 57.4M
[0m ---> fedd81589e2f
Removing intermediate container d3b2df3b652a
Step 8/9 : ENTRYPOINT /core run
 ---> Running in 08120dda0b09
 ---> 11174c0ec381
Removing intermediate container 08120dda0b09
Step 9/9 : COPY ./build/core /
 ---> 643deb6b7726
Removing intermediate container c72af6cc44bb
Successfully built 643deb6b7726
docker push docker.io/jenkinsxio/core-backend:0.0.144
The push refers to a repository [docker.io/jenkinsxio/core-backend]
229f1b33f57a: Preparing
2a452ac88459: Preparing
36cac10ad516: Preparing
c97b25109dd4: Preparing
b3dbb0100109: Preparing
7607b9226b93: Preparing
7bff100f35cb: Preparing
7bff100f35cb: Waiting
7607b9226b93: Waiting
36cac10ad516: Pushed
c97b25109dd4: Pushed
b3dbb0100109: Pushed
7bff100f35cb: Mounted from library/alpine
2a452ac88459: Pushed
229f1b33f57a: Pushed
7607b9226b93: Pushed
0.0.144: digest: sha256:68c2169f3d65ec44e6b1b72709211c3650633e1b975305af1c54fb6b6b79b5a7 size: 1796
updatebot push-version --kind docker jenkinsxio/core-backend 0.0.144
Picked up _JAVA_OPTIONS: -Xmx2048m
[main] INFO io.jenkins.updatebot.git.GitHelper - Loaded 4 git credentials from /home/jenkins/git/credentials
[main] INFO io.jenkins.updatebot.commands.PushSourceChanges - Loaded from git credentials
[main] INFO io.jenkins.updatebot.repository.Repositories - repository cloudbees/core-frontend has excludeUpdateLoop: null
[main] INFO io.jenkins.updatebot.repository.Repositories - Cloning: cloudbees/core-frontend to .updatebot-repos/github/cloudbees/core-frontend
[main] INFO io.jenkins.updatebot.git.GitPluginCLI - Cloning into 'core-frontend'...
[main] WARN io.jenkins.updatebot.git.GitPluginCLI - No name available for GitHub login!
[main] WARN io.jenkins.updatebot.git.GitPluginCLI - No email available for GitHub login!
[main] INFO io.jenkins.updatebot.commands.ModifyFilesCommandSupport - Checkout branch: master from cloudbees/core-frontend in .updatebot-repos/github/cloudbees/core-frontend
[updatebot-f7e2ea22-bd09-4bbc-9ac3-d7b09e020d2e 529bd1c] fix(version): update jenkinsxio/core-backend to 0.0.144
 1 file changed, 1 insertion(+), 1 deletion(-)
[main] INFO io.jenkins.updatebot.commands.ModifyFilesCommandSupport - Created pull request https://github.com/cloudbees/core-frontend/pull/522
updatebot update-loop
Picked up _JAVA_OPTIONS: -Xmx2048m
[main] INFO io.jenkins.updatebot.git.GitHelper - Loaded 4 git credentials from /home/jenkins/git/credentials
[main] INFO io.jenkins.updatebot.commands.PushSourceChanges - Loaded from git credentials
[main] INFO io.jenkins.updatebot.repository.Repositories - repository cloudbees/core-frontend has excludeUpdateLoop: null
[main] INFO io.jenkins.updatebot.repository.Repositories - Checkout branch: master from cloudbees/core-frontend in .updatebot-repos/github/cloudbees/core-frontend
[main] INFO io.jenkins.updatebot.repository.Repositories - Pull branch: master from cloudbees/core-frontend in .updatebot-repos/github/cloudbees/core-frontend
[main] INFO io.jenkins.updatebot.git.GitPluginCLI - Already up-to-date.
[main] WARN io.jenkins.updatebot.git.GitPluginCLI - No name available for GitHub login!
[main] WARN io.jenkins.updatebot.git.GitPluginCLI - No email available for GitHub login!
[main] INFO io.jenkins.updatebot.commands.UpdatePullRequestLoop - 
[main] INFO io.jenkins.updatebot.commands.UpdatePullRequestLoop - 
[main] INFO io.jenkins.updatebot.commands.UpdatePullRequestLoop - Pending: pull request open https://github.com/cloudbees/core-frontend/pull/522 
[main] INFO io.jenkins.updatebot.commands.UpdatePullRequestLoop - 
[main] INFO io.jenkins.updatebot.github.GitHubHelpers - Ignoring subsequent state PENDING for targetUrl https://core.jx.cd.jenkins-x.io/teams/jx/pipelines as we first got a state of SUCCESS
[main] INFO io.jenkins.updatebot.github.GitHubHelpers - deleted branch updatebot-f7e2ea22-bd09-4bbc-9ac3-d7b09e020d2e for cloudbees/core-frontend
[main] INFO io.jenkins.updatebot.commands.StatusInfo - Status changed for StatusInfo{name='cloudbees/core-frontend', status=PENDING, issueState=null, pullRequestState=OPEN, pullRequestUrl='https://github.com/cloudbees/core-frontend/pull/522'} StatusInfo{name='cloudbees/core-frontend', status=COMPLETE, issueState=null, pullRequestState=null, pullRequestUrl='null'}
[main] INFO io.jenkins.updatebot.commands.UpdatePullRequestLoop - Complete: pull request closed https://github.com/cloudbees/core-frontend/pull/522 
[main] INFO io.jenkins.updatebot.commands.UpdatePullRequestLoop - UpdateBot update-loop is complete!
[Pipeline] }
[Pipeline] // dir
[Pipeline] }
[Pipeline] // withEnv
[Pipeline] }
[Pipeline] // withCredentials
[Pipeline] }
[Pipeline] // stage
[Pipeline] }
[Pipeline] // withEnv
[Pipeline] }
[Pipeline] // node
[Pipeline] End of Pipeline
Finished: SUCCESS
