Step: build-step-credential-initializer:

{"level":"warn","ts":1547545077.016823,"logger":"fallback-logger","caller":"logging/config.go:65","msg":"Fetch GitHub commit ID from kodata failed: \"ref: refs/heads/test\" is not a valid GitHub commit ID"}
{"level":"info","ts":1547545077.0171077,"logger":"fallback-logger","caller":"creds-init/main.go:40","msg":"Credentials initialized."}
Step: build-step-git-source-0:

{"level":"warn","ts":1547545078.3663101,"logger":"fallback-logger","caller":"logging/config.go:65","msg":"Fetch GitHub commit ID from kodata failed: \"ref: refs/heads/test\" is not a valid GitHub commit ID"}
{"level":"info","ts":1547545080.5534637,"logger":"fallback-logger","caller":"git-init/main.go:92","msg":"Successfully cloned \"https://github.com/jenkins-x/jx.git\" @ \"05c625ff00ed71c1c5a4d03717ea6c849f286f46\" in path \"/workspace\""}
Step: build-step-jenkins:

Picked up _JAVA_OPTIONS: -Xmx512m
Started
Running in Durability level: PERFORMANCE_OPTIMIZED
  17.142 [id=42]	WARNING	i.f.k.c.i.VersionUsageUtils#alert: The client is using resource type 'customresourcedefinitions' with unstable version 'v1beta1'
[Pipeline] node
Running on Jenkins in /tmp/jenkinsTests.tmp/jenkins944977319150112348test/workspace/job
[Pipeline] {
[Pipeline] stage
[Pipeline] { (Declarative: Checkout SCM)
  31.846 [id=62]	WARNING	o.j.plugins.workflow.cps.DSL#invokeStep: Error storing the arguments for step: checkout
org.kohsuke.stapler.NoStaplerConstructorException: There's no @DataBoundConstructor on any constructor of class io.jenkins.jenkinsfile.runner.FileSystemSCM
	at org.kohsuke.stapler.ClassDescriptor.loadConstructorParamNames(ClassDescriptor.java:265)
	at org.jenkinsci.plugins.structs.describable.DescribableModel.<init>(DescribableModel.java:144)
	at org.jenkinsci.plugins.structs.describable.DescribableModel.of(DescribableModel.java:114)
	at org.jenkinsci.plugins.workflow.cps.actions.ArgumentsActionImpl.sanitizeObjectAndRecordMutation(ArgumentsActionImpl.java:294)
	at org.jenkinsci.plugins.workflow.cps.actions.ArgumentsActionImpl.sanitizeMapAndRecordMutation(ArgumentsActionImpl.java:386)
	at org.jenkinsci.plugins.workflow.cps.actions.ArgumentsActionImpl.<init>(ArgumentsActionImpl.java:74)
	at org.jenkinsci.plugins.workflow.cps.DSL.invokeStep(DSL.java:245)
	at org.jenkinsci.plugins.workflow.cps.DSL.invokeMethod(DSL.java:178)
	at org.jenkinsci.plugins.workflow.cps.CpsScript.invokeMethod(CpsScript.java:122)
	at org.codehaus.groovy.runtime.callsite.PogoMetaClassSite.call(PogoMetaClassSite.java:48)
	at org.codehaus.groovy.runtime.callsite.CallSiteArray.defaultCall(CallSiteArray.java:48)
	at org.codehaus.groovy.runtime.callsite.AbstractCallSite.call(AbstractCallSite.java:113)
	at com.cloudbees.groovy.cps.sandbox.DefaultInvoker.methodCall(DefaultInvoker.java:20)
	at com.cloudbees.groovy.cps.impl.ContinuationGroup.methodCall(ContinuationGroup.java:57)
	at com.cloudbees.groovy.cps.impl.FunctionCallBlock$ContinuationImpl.dispatchOrArg(FunctionCallBlock.java:109)
	at com.cloudbees.groovy.cps.impl.FunctionCallBlock$ContinuationImpl.fixArg(FunctionCallBlock.java:82)
	at sun.reflect.GeneratedMethodAccessor150.invoke(Unknown Source)
	at sun.reflect.DelegatingMethodAccessorImpl.invoke(DelegatingMethodAccessorImpl.java:43)
	at java.lang.reflect.Method.invoke(Method.java:498)
	at com.cloudbees.groovy.cps.impl.ContinuationPtr$ContinuationImpl.receive(ContinuationPtr.java:72)
	at com.cloudbees.groovy.cps.impl.PropertyishBlock$ContinuationImpl.get(PropertyishBlock.java:76)
	at com.cloudbees.groovy.cps.LValueBlock$GetAdapter.receive(LValueBlock.java:30)
	at com.cloudbees.groovy.cps.impl.PropertyishBlock$ContinuationImpl.fixName(PropertyishBlock.java:66)
	at sun.reflect.GeneratedMethodAccessor158.invoke(Unknown Source)
	at sun.reflect.DelegatingMethodAccessorImpl.invoke(DelegatingMethodAccessorImpl.java:43)
	at java.lang.reflect.Method.invoke(Method.java:498)
	at com.cloudbees.groovy.cps.impl.ContinuationPtr$ContinuationImpl.receive(ContinuationPtr.java:72)
	at com.cloudbees.groovy.cps.impl.ConstantBlock.eval(ConstantBlock.java:21)
	at com.cloudbees.groovy.cps.Next.step(Next.java:83)
	at com.cloudbees.groovy.cps.Continuable$1.call(Continuable.java:174)
	at com.cloudbees.groovy.cps.Continuable$1.call(Continuable.java:163)
	at org.codehaus.groovy.runtime.GroovyCategorySupport$ThreadCategoryInfo.use(GroovyCategorySupport.java:129)
	at org.codehaus.groovy.runtime.GroovyCategorySupport.use(GroovyCategorySupport.java:268)
	at com.cloudbees.groovy.cps.Continuable.run0(Continuable.java:163)
	at org.jenkinsci.plugins.workflow.cps.SandboxContinuable.access$101(SandboxContinuable.java:34)
	at org.jenkinsci.plugins.workflow.cps.SandboxContinuable.lambda$run0$0(SandboxContinuable.java:59)
	at org.jenkinsci.plugins.scriptsecurity.sandbox.groovy.GroovySandbox.runInSandbox(GroovySandbox.java:121)
	at org.jenkinsci.plugins.workflow.cps.SandboxContinuable.run0(SandboxContinuable.java:58)
	at org.jenkinsci.plugins.workflow.cps.CpsThread.runNextChunk(CpsThread.java:182)
	at org.jenkinsci.plugins.workflow.cps.CpsThreadGroup.run(CpsThreadGroup.java:332)
	at org.jenkinsci.plugins.workflow.cps.CpsThreadGroup.access$200(CpsThreadGroup.java:83)
	at org.jenkinsci.plugins.workflow.cps.CpsThreadGroup$2.call(CpsThreadGroup.java:244)
	at org.jenkinsci.plugins.workflow.cps.CpsThreadGroup$2.call(CpsThreadGroup.java:232)
	at org.jenkinsci.plugins.workflow.cps.CpsVmExecutorService$2.call(CpsVmExecutorService.java:64)
	at java.util.concurrent.FutureTask.run(FutureTask.java:266)
	at hudson.remoting.SingleLaneExecutorService$1.run(SingleLaneExecutorService.java:131)
	at jenkins.util.ContextResettingExecutorService$1.run(ContextResettingExecutorService.java:28)
	at jenkins.security.ImpersonatingExecutorService$1.run(ImpersonatingExecutorService.java:59)
	at java.util.concurrent.Executors$RunnableAdapter.call(Executors.java:511)
	at java.util.concurrent.FutureTask.run(FutureTask.java:266)
	at java.util.concurrent.ThreadPoolExecutor.runWorker(ThreadPoolExecutor.java:1149)
	at java.util.concurrent.ThreadPoolExecutor$Worker.run(ThreadPoolExecutor.java:624)
	at java.lang.Thread.run(Thread.java:748)
[Pipeline] checkout
  33.369 [id=87]	WARNING	o.j.plugins.workflow.cps.DSL#invokeStep: Error storing the arguments for step: checkout
org.kohsuke.stapler.NoStaplerConstructorException: There's no @DataBoundConstructor on any constructor of class io.jenkins.jenkinsfile.runner.FileSystemSCM
	at org.kohsuke.stapler.ClassDescriptor.loadConstructorParamNames(ClassDescriptor.java:265)
	at org.jenkinsci.plugins.structs.describable.DescribableModel.<init>(DescribableModel.java:144)
	at org.jenkinsci.plugins.structs.describable.DescribableModel.of(DescribableModel.java:114)
	at org.jenkinsci.plugins.workflow.cps.actions.ArgumentsActionImpl.sanitizeObjectAndRecordMutation(ArgumentsActionImpl.java:294)
	at org.jenkinsci.plugins.workflow.cps.actions.ArgumentsActionImpl.sanitizeMapAndRecordMutation(ArgumentsActionImpl.java:386)
	at org.jenkinsci.plugins.workflow.cps.actions.ArgumentsActionImpl.<init>(ArgumentsActionImpl.java:74)
	at org.jenkinsci.plugins.workflow.cps.DSL.invokeStep(DSL.java:245)
	at org.jenkinsci.plugins.workflow.cps.DSL.invokeMethod(DSL.java:178)
	at org.jenkinsci.plugins.workflow.cps.CpsScript.invokeMethod(CpsScript.java:122)
	at sun.reflect.NativeMethodAccessorImpl.invoke0(Native Method)
	at sun.reflect.NativeMethodAccessorImpl.invoke(NativeMethodAccessorImpl.java:62)
	at sun.reflect.DelegatingMethodAccessorImpl.invoke(DelegatingMethodAccessorImpl.java:43)
	at java.lang.reflect.Method.invoke(Method.java:498)
	at org.codehaus.groovy.reflection.CachedMethod.invoke(CachedMethod.java:93)
	at groovy.lang.MetaMethod.doMethodInvoke(MetaMethod.java:325)
	at groovy.lang.MetaClassImpl.invokeMethod(MetaClassImpl.java:1213)
	at groovy.lang.MetaClassImpl.invokeMethod(MetaClassImpl.java:1022)
	at org.codehaus.groovy.runtime.callsite.PogoMetaClassSite.call(PogoMetaClassSite.java:42)
	at org.codehaus.groovy.runtime.callsite.CallSiteArray.defaultCall(CallSiteArray.java:48)
	at org.codehaus.groovy.runtime.callsite.AbstractCallSite.call(AbstractCallSite.java:113)
	at org.kohsuke.groovy.sandbox.impl.Checker$1.call(Checker.java:157)
	at org.kohsuke.groovy.sandbox.GroovyInterceptor.onMethodCall(GroovyInterceptor.java:23)
	at org.jenkinsci.plugins.scriptsecurity.sandbox.groovy.SandboxInterceptor.onMethodCall(SandboxInterceptor.java:155)
	at org.kohsuke.groovy.sandbox.impl.Checker$1.call(Checker.java:155)
	at org.kohsuke.groovy.sandbox.impl.Checker.checkedCall(Checker.java:159)
	at org.kohsuke.groovy.sandbox.impl.Checker.checkedCall(Checker.java:129)
	at org.kohsuke.groovy.sandbox.impl.Checker.checkedCall(Checker.java:129)
	at com.cloudbees.groovy.cps.sandbox.SandboxInvoker.methodCall(SandboxInvoker.java:17)
	at com.cloudbees.groovy.cps.impl.ContinuationGroup.methodCall(ContinuationGroup.java:57)
	at com.cloudbees.groovy.cps.impl.FunctionCallBlock$ContinuationImpl.dispatchOrArg(FunctionCallBlock.java:109)
	at com.cloudbees.groovy.cps.impl.FunctionCallBlock$ContinuationImpl.fixArg(FunctionCallBlock.java:82)
	at sun.reflect.GeneratedMethodAccessor150.invoke(Unknown Source)
	at sun.reflect.DelegatingMethodAccessorImpl.invoke(DelegatingMethodAccessorImpl.java:43)
	at java.lang.reflect.Method.invoke(Method.java:498)
	at com.cloudbees.groovy.cps.impl.ContinuationPtr$ContinuationImpl.receive(ContinuationPtr.java:72)
	at com.cloudbees.groovy.cps.impl.PropertyishBlock$ContinuationImpl.get(PropertyishBlock.java:76)
	at com.cloudbees.groovy.cps.LValueBlock$GetAdapter.receive(LValueBlock.java:30)
	at com.cloudbees.groovy.cps.impl.PropertyishBlock$ContinuationImpl.fixName(PropertyishBlock.java:66)
	at sun.reflect.GeneratedMethodAccessor158.invoke(Unknown Source)
	at sun.reflect.DelegatingMethodAccessorImpl.invoke(DelegatingMethodAccessorImpl.java:43)
	at java.lang.reflect.Method.invoke(Method.java:498)
	at com.cloudbees.groovy.cps.impl.ContinuationPtr$ContinuationImpl.receive(ContinuationPtr.java:72)
	at com.cloudbees.groovy.cps.impl.ConstantBlock.eval(ConstantBlock.java:21)
	at com.cloudbees.groovy.cps.Next.step(Next.java:83)
	at com.cloudbees.groovy.cps.Continuable$1.call(Continuable.java:174)
	at com.cloudbees.groovy.cps.Continuable$1.call(Continuable.java:163)
	at org.codehaus.groovy.runtime.GroovyCategorySupport$ThreadCategoryInfo.use(GroovyCategorySupport.java:129)
	at org.codehaus.groovy.runtime.GroovyCategorySupport.use(GroovyCategorySupport.java:268)
	at com.cloudbees.groovy.cps.Continuable.run0(Continuable.java:163)
	at org.jenkinsci.plugins.workflow.cps.SandboxContinuable.access$101(SandboxContinuable.java:34)
	at org.jenkinsci.plugins.workflow.cps.SandboxContinuable.lambda$run0$0(SandboxContinuable.java:59)
	at org.jenkinsci.plugins.scriptsecurity.sandbox.groovy.GroovySandbox.runInSandbox(GroovySandbox.java:121)
	at org.jenkinsci.plugins.workflow.cps.SandboxContinuable.run0(SandboxContinuable.java:58)
	at org.jenkinsci.plugins.workflow.cps.CpsThread.runNextChunk(CpsThread.java:182)
	at org.jenkinsci.plugins.workflow.cps.CpsThreadGroup.run(CpsThreadGroup.java:332)
	at org.jenkinsci.plugins.workflow.cps.CpsThreadGroup.access$200(CpsThreadGroup.java:83)
	at org.jenkinsci.plugins.workflow.cps.CpsThreadGroup$2.call(CpsThreadGroup.java:244)
	at org.jenkinsci.plugins.workflow.cps.CpsThreadGroup$2.call(CpsThreadGroup.java:232)
	at org.jenkinsci.plugins.workflow.cps.CpsVmExecutorService$2.call(CpsVmExecutorService.java:64)
	at java.util.concurrent.FutureTask.run(FutureTask.java:266)
	at hudson.remoting.SingleLaneExecutorService$1.run(SingleLaneExecutorService.java:131)
	at jenkins.util.ContextResettingExecutorService$1.run(ContextResettingExecutorService.java:28)
	at jenkins.security.ImpersonatingExecutorService$1.run(ImpersonatingExecutorService.java:59)
	at java.util.concurrent.Executors$RunnableAdapter.call(Executors.java:511)
	at java.util.concurrent.FutureTask.run(FutureTask.java:266)
	at java.util.concurrent.ThreadPoolExecutor.runWorker(ThreadPoolExecutor.java:1149)
	at java.util.concurrent.ThreadPoolExecutor$Worker.run(ThreadPoolExecutor.java:624)
	at java.lang.Thread.run(Thread.java:748)
[Pipeline] }
[Pipeline] // stage
[Pipeline] withCredentials
[Pipeline] {
[Pipeline] withEnv
[Pipeline] {
[Pipeline] stage
[Pipeline] { (CI Build and Test)
[Pipeline] dir
Running in /home/jenkins/go/src/github.com/jenkins-x/jx
[Pipeline] {
[Pipeline] checkout
[Pipeline] sh
+ git config --global credential.helper store
[Pipeline] sh
+ jx step git credentials
Generated Git credentials file /home/jenkins/git/credentials
[Pipeline] sh
+ echo building Pull Request for preview pr-2683-2
building Pull Request for preview pr-2683-2
[Pipeline] sh
+ make linux
CGO_ENABLED=0 GOOS=linux GOARCH=amd64 GO111MODULE=on GO15VENDOREXPERIMENT=1 go build -ldflags " -X github.com/jenkins-x/jx/pkg/version.Version=-dev+05c625f -X github.com/jenkins-x/jx/pkg/version.Revision='05c625f' -X github.com/jenkins-x/jx/pkg/version.Branch='master' -X github.com/jenkins-x/jx/pkg/version.BuildDate='20190115-09:38:45' -X github.com/jenkins-x/jx/pkg/version.GoVersion='1.11.4'" -o build/linux/jx cmd/jx/jx.go
go: finding github.com/googleapis/gnostic v0.2.0
go: finding github.com/Jeffail/gabs v1.1.0
go: finding github.com/BurntSushi/toml v0.3.0
go: finding github.com/kr/pty v1.1.2
go: finding github.com/spf13/pflag v1.0.1
go: finding github.com/chromedp/cdproto v0.0.0-20180720050708-57cf4773008d
go: finding github.com/gregjones/httpcache v0.0.0-20180305231024-9cad4c3443a7
go: finding github.com/banzaicloud/bank-vaults v0.0.0-20181129101211-e31657d7c4fe
go: finding code.gitea.io/sdk v0.0.0-20180702024448-79a281c4e34a
go: finding gopkg.in/AlecAivazis/survey.v1 v1.6.2
go: finding github.com/alecthomas/template v0.0.0-20160405071501-a0175ee3bccc
go: finding github.com/onsi/gomega v1.4.1
go: finding sigs.k8s.io/yaml v1.1.0
go: finding k8s.io/apiextensions-apiserver v0.0.0-20180621085152-bbc52469f98b
go: finding github.com/spf13/viper v1.0.2
go: finding github.com/hashicorp/go-sockaddr v0.0.0-20180320115054-6d291a969b86
go: finding github.com/spf13/cobra v0.0.3
go: finding github.com/acarl005/stripansi v0.0.0-20180116102854-5a71ef0e047d
go: finding github.com/bouk/monkey v1.0.0
go: finding github.com/petar/GoLLRB v0.0.0-20130427215148-53be0d36a84c
go: finding github.com/emirpasic/gods v1.9.0
go: finding github.com/Azure/go-autorest v10.14.0+incompatible
go: finding github.com/hashicorp/golang-lru v0.0.0-20180201235237-0fb14efe8c47
go: finding github.com/iancoleman/orderedmap v0.0.0-20181121102841-22c6ecc9fe13
go: finding github.com/andygrunwald/go-gerrit v0.0.0-20181026193842-43cfd7a94eb4
go: finding github.com/heptio/sonobuoy v0.12.0
go: finding github.com/jbrukh/bayesian v0.0.0-20161210175230-bf3f261f9a9c
go: finding github.com/gogo/protobuf v1.1.1
go: finding github.com/Azure/azure-storage-blob-go v0.0.0-20190104215108-45d0c5e3638e
go: finding gopkg.in/warnings.v0 v0.1.2
go: finding github.com/hashicorp/go-retryablehttp v0.0.0-20180718195005-e651d75abec6
go: finding github.com/rodaine/hclencoder v0.0.0-20180926060551-0680c4321930
go: finding k8s.io/metrics v0.0.0-20180620010437-b11cf31b380b
go: finding k8s.io/apimachinery v0.0.0-20180621070125-103fd098999d
go: finding github.com/shirou/gopsutil v0.0.0-20180901134234-eb1f1ab16f2e
go: finding github.com/pborman/uuid v0.0.0-20170612153648-e790cca94e6c
go: finding k8s.io/client-go v8.0.0+incompatible
go: finding github.com/google/gofuzz v0.0.0-20170612174753-24818f796faf
go: finding github.com/modern-go/concurrent v0.0.0-20180306012644-bacd9c7ef1dd
go: finding golang.org/x/oauth2 v0.0.0-20181017192945-9dcd33a902f4
go: finding github.com/andygrunwald/go-jira v1.5.0
go: finding github.com/danwakefield/fnmatch v0.0.0-20160403171240-cbb64ac3d964
go: finding github.com/emicklei/go-restful v2.8.0+incompatible
go: finding github.com/mgutz/ansi v0.0.0-20170206155736-9520e82c474b
go: finding gopkg.in/src-d/go-git.v4 v4.5.0
go: finding github.com/mattn/go-colorable v0.0.9
go: finding k8s.io/code-generator v0.0.0-20181017053441-8c97d6ab64da
go: finding github.com/hashicorp/go-multierror v1.0.0
go: finding github.com/pkg/browser v0.0.0-20170505125900-c90ca0c84f15
go: finding github.com/spf13/afero v1.1.1
go: finding gopkg.in/src-d/go-billy.v4 v4.2.0
go: finding github.com/cenkalti/backoff v2.0.0+incompatible
go: finding github.com/chai2010/gettext-go v0.0.0-20170215093142-bf70f2a70fb1
go: finding github.com/json-iterator/go v0.0.0-20180701071628-ab8a2e0c74be
go: finding github.com/src-d/gcfg v1.3.0
go: finding github.com/fatih/structs v1.0.0
go: finding gopkg.in/inf.v0 v0.9.1
go: finding github.com/hashicorp/go-version v0.0.0-20180716215031-270f2f71b1ee
go: finding github.com/hashicorp/hcl v0.0.0-20180404174102-ef8a98b0bbce
go: finding github.com/hashicorp/go-cleanhttp v0.5.0
go: finding github.com/mitchellh/go-homedir v0.0.0-20180523094522-3864e76763d9
go: finding github.com/hashicorp/go-rootcerts v0.0.0-20160503143440-6bb64b370b90
go: finding github.com/knq/snaker v0.0.0-20180306023312-d9ad1e7f342a
go: finding github.com/pkg/errors v0.8.0
go: finding github.com/jenkins-x/draft-repo v0.0.0-20180417100212-2f66cc518135
go: finding github.com/cpuguy83/go-md2man v1.0.8
go: finding github.com/beevik/etree v1.0.1
go: finding github.com/bwmarrin/snowflake v0.0.0-20180412010544-68117e6bbede
go: finding github.com/shurcooL/githubv4 v0.0.0-20180509030948-19298c78142b
go: finding gopkg.in/fsnotify.v1 v1.4.7
go: finding gocloud.dev v0.8.0
go: finding golang.org/x/crypto v0.0.0-20181203042331-505ab145d0a9
go: finding github.com/modern-go/reflect2 v0.0.0-20180701023420-4b7aa43c6742
go: finding k8s.io/gengo v0.0.0-20180718083919-906d99f89cd6
go: finding github.com/evanphx/json-patch v4.1.0+incompatible
go: finding github.com/shirou/w32 v0.0.0-20160930032740-bb4de0191aa4
go: finding github.com/stoewer/go-strcase v1.0.1
go: finding github.com/viniciuschiele/tarx v0.0.0-20151205142357-6e3da540444d
go: finding github.com/stretchr/testify v1.2.2
go: finding github.com/kevinburke/ssh_config v0.0.0-20180317175531-9fc7bb800b55
go: finding golang.org/x/sync v0.0.0-20180314180146-1d60e4601c6f
go: finding github.com/jbenet/go-context v0.0.0-20150711004518-d14ea06fba99
go: finding k8s.io/kube-openapi v0.0.0-20180719232738-d8ea2fe547a4
go: finding github.com/jenkins-x/golang-jenkins v0.0.0-20180919102630-65b83ad42314
go: finding github.com/gophercloud/gophercloud v0.0.0-20180721014243-9bb899a7c1d9
go: finding k8s.io/kubernetes v1.11.3
go: finding github.com/coreos/go-semver v0.2.0
go: finding github.com/google/go-cmp v0.2.0
go: finding gopkg.in/robfig/cron.v2 v2.0.0-20150107220207-be2e0b0deed5
go: finding github.com/shurcooL/graphql v0.0.0-20180514000029-62c9ce094e75
go: finding contrib.go.opencensus.io/exporter/stackdriver v0.6.0
go: finding contrib.go.opencensus.io/exporter/aws v0.0.0-20180906190126-dd54a7ef511e
go: finding github.com/coreos/go-systemd v0.0.0-20181012123002-c6f51f82210d
go: finding github.com/fatih/color v1.7.0
go: finding github.com/prometheus/procfs v0.0.0-20181005140218-185b4288413d
go: finding github.com/golang/snappy v0.0.0-20180518054509-2e65f85255db
go: finding go.uber.org/multierr v1.1.0
go: finding cloud.google.com/go v0.30.0
go: finding github.com/coreos/bbolt v1.3.1-coreos.6
go: finding gopkg.in/check.v1 v1.0.0-20180628173108-788fd7840127
go: finding github.com/xanzy/ssh-agent v0.2.0
go: finding github.com/konsorten/go-windows-terminal-sequences v1.0.1
go: finding github.com/golang/groupcache v0.0.0-20180924190550-6f2cf27854a4
go: finding github.com/spf13/jwalterweatherman v0.0.0-20180109140146-7c0cea34c8ec
go: finding github.com/docker/spdystream v0.0.0-20170912183627-bc6354cbbc29
go: finding github.com/grpc-ecosystem/grpc-gateway v1.5.1
go: finding github.com/ugorji/go/codec v0.0.0-20181012064053-8333dd449516
go: finding k8s.io/cli-runtime v0.0.0-20181026155151-1ee5ba10d7e3
go: finding github.com/google/go-querystring v0.0.0-20170111101155-53e6ce116135
go: finding github.com/mitchellh/mapstructure v0.0.0-20180715050151-f15292f7a699
go: finding k8s.io/api v0.0.0-20180628040859-072894a440bd+incompatible
go: finding github.com/onsi/ginkgo v1.6.0
go: finding github.com/Pallinder/go-randomdata v0.0.0-20180616180521-15df0648130a
go: finding golang.org/x/crypto v0.0.0-20181015023909-0c41d7ab0a0e
go: finding k8s.io/helm v2.7.2+incompatible
go: finding github.com/go-openapi/spec v0.17.1
go: finding github.com/hinshun/vt10x v0.0.0-20180809195222-d55458df857c
go: finding golang.org/x/net v0.0.0-20181017193950-04a2e542c03f
go: finding github.com/petergtz/pegomock v0.0.0-20181206220228-b113d17a7e81
go: finding github.com/gopherjs/gopherjs v0.0.0-20181017120253-0766667cb4d1
go: finding github.com/trivago/tgo v1.0.1
go: finding github.com/coreos/etcd v3.3.10+incompatible
go: finding github.com/satori/go.uuid v1.2.0
go: finding golang.org/x/sys v0.0.0-20181206074257-70b957f3b65e
go: finding github.com/hashicorp/errwrap v1.0.0
go: finding github.com/davecgh/go-spew v1.1.1
go: finding github.com/gorilla/context v1.1.1
go: finding github.com/fsnotify/fsnotify v1.4.7
go: finding github.com/go-ini/ini v1.39.0
go: finding github.com/wbrefvem/go-bitbucket v0.0.0-20180917214347-1c96061fe622
go: finding google.golang.org/genproto v0.0.0-20181016170114-94acd270e44e
go: finding github.com/google/martian v2.1.0+incompatible
go: finding github.com/prometheus/client_golang v0.9.0
go: finding gopkg.in/check.v1 v1.0.0-20161208181325-20d25e280405
go: finding github.com/go-openapi/jsonpointer v0.17.0
go: finding go.opencensus.io v0.17.0
go: finding github.com/aws/aws-sdk-go v1.15.27
go: finding github.com/knative/build v0.0.0-20180906201914-846036c8b91d
go: finding github.com/gorilla/mux v1.6.2
go: finding github.com/mailru/easyjson v0.0.0-20180823135443-60711f1a8329
go: finding github.com/google/wire v0.2.0
go: finding github.com/alecthomas/units v0.0.0-20151022065526-2efee857e7cf
go: finding github.com/MakeNowJust/heredoc v0.0.0-20171113091838-e9091a26100e
go: finding github.com/c2h5oh/datasize v0.0.0-20171227191756-4eba002a5eae
go: finding github.com/Azure/azure-pipeline-go v0.1.8
go: finding github.com/russross/blackfriday v1.5.1
go: finding github.com/grpc-ecosystem/go-grpc-middleware v1.0.0
go: finding golang.org/x/image v0.0.0-20180708004352-c73c2afc3b81
go: finding github.com/go-sql-driver/mysql v1.4.0
go: finding github.com/Azure/draft v0.15.0
go: finding github.com/rifflock/lfshook v0.0.0-20180227222202-bf539943797a
go: finding google.golang.org/genproto v0.0.0-20180831171423-11092d34479b
go: finding github.com/chromedp/chromedp v0.1.1
go: finding google.golang.org/grpc v1.14.0
go: finding github.com/coreos/pkg v0.0.0-20180928190104-399ea9e2e55f
go: finding gopkg.in/ini.v1 v1.39.0
go: finding github.com/openzipkin/zipkin-go v0.1.1
go: finding github.com/prometheus/procfs v0.0.0-20180725123919-05ee40e3a273
go: finding contrib.go.opencensus.io/integrations/ocsql v0.1.2
go: finding github.com/jenkins-x/chyle v0.0.0-20180226080600-68f7a93a63ec
go: finding go.uber.org/atomic v1.3.2
go: finding github.com/pelletier/go-toml v1.2.0
go: finding github.com/nlopes/slack v0.0.0-20180721202243-347a74b1ea30
go: finding github.com/prometheus/common v0.0.0-20180801064454-c7de2306084e
go: finding github.com/beorn7/perks v0.0.0-20180321164747-3a771d992973
go: finding github.com/StackExchange/wmi v0.0.0-20180116203802-5d049714c4a6
go: finding github.com/smartystreets/assertions v0.0.0-20180927180507-b2de0cb4f26d
go: finding github.com/soheilhy/cmux v0.1.4
go: finding github.com/jonboulle/clockwork v0.1.0
go: finding github.com/GoogleCloudPlatform/cloudsql-proxy v0.0.0-20181009230506-ac834ce67862
go: finding github.com/kr/pretty v0.1.0
go: finding github.com/google/go-github v17.0.0+incompatible
go: finding github.com/xanzy/go-gitlab v0.0.0-20180814191223-f3bc634ab936
go: finding github.com/jtolds/gls v4.2.1+incompatible
go: finding golang.org/x/time v0.0.0-20180412165947-fbb02b2291d2
go: finding github.com/go-openapi/jsonreference v0.17.0
go: finding github.com/ryanuber/go-glob v0.0.0-20170128012129-256dc444b735
go: finding google.golang.org/appengine v1.2.0
go: finding github.com/prometheus/client_golang v0.8.0
go: finding github.com/pmezard/go-difflib v1.0.0
go: finding github.com/aws/aws-sdk-go v1.15.57
go: finding github.com/Netflix/go-expect v0.0.0-20180814212900-124a37274874
go: finding github.com/spf13/cast v1.2.0
go: finding golang.org/x/net v0.0.0-20181005035420-146acd28ed58
go: finding github.com/jmespath/go-jmespath v0.0.0-20180206201540-c2b33e8439af
go: finding github.com/streadway/amqp v0.0.0-20181107104731-27835f1a64e9
go: finding golang.org/x/sys v0.0.0-20180909124046-d0be0721c37e
go: finding github.com/magiconair/properties v1.8.0
go: finding github.com/imdario/mergo v0.3.5
go: finding github.com/gorilla/websocket v1.2.0
go: finding github.com/tmc/grpc-websocket-proxy v0.0.0-20171017195756-830351dc03c6
go: finding github.com/disintegration/imaging v1.4.2
go: finding github.com/gfleury/go-bitbucket-v1 v0.0.0-20181102191809-4910839b609e
go: finding github.com/golang/protobuf v1.2.0
go: finding github.com/ghodss/yaml v1.0.0
go: finding github.com/gobwas/glob v0.2.3
go: finding github.com/jmespath/go-jmespath v0.0.0-20160202185014-0b12d6b521d8
go: finding golang.org/x/tools v0.0.0-20181017214349-06f26fdaaa28
go: finding github.com/jetstack/cert-manager v0.5.2
go: finding github.com/operator-framework/operator-sdk v0.0.0-20181011175812-913cbf711929
go: finding github.com/matttproud/golang_protobuf_extensions v1.0.1
go: finding github.com/Masterminds/semver v1.4.2
go: finding go.uber.org/zap v1.9.1
go: finding github.com/googleapis/gax-go v2.0.0+incompatible
go: finding github.com/blang/semver v3.5.1+incompatible
go: finding github.com/sethvargo/go-password v0.1.2
go: finding github.com/prometheus/client_model v0.0.0-20180712105110-5c3871d89910
go: finding github.com/kballard/go-shellquote v0.0.0-20180428030007-95032a82bc51
go: finding golang.org/x/sys v0.0.0-20181011152604-fa43e7bc11ba
go: finding github.com/lib/pq v1.0.0
go: finding github.com/pelletier/go-buffruneio v0.2.0
go: finding github.com/PuerkitoBio/purell v1.1.0
go: finding github.com/dnaeon/go-vcr v0.0.0-20180920040454-5637cf3d8a31
go: finding github.com/gorilla/websocket v1.4.0
go: finding github.com/codeship/codeship-go v0.0.0-20180717142545-7793ca823354
go: finding git.apache.org/thrift.git v0.0.0-20180902110319-2566ecd5d999
go: finding github.com/google/btree v0.0.0-20180813153112-4030bb1f1f0c
go: finding github.com/IBM-Cloud/bluemix-go v0.0.0-20181008063305-d718d474c7c2
go: finding github.com/go-ini/ini v1.25.4
go: finding github.com/pierrec/lz4 v2.0.5+incompatible
go: finding github.com/PuerkitoBio/urlesc v0.0.0-20170810143723-de5bf2ad4578
go: finding github.com/alexflint/go-filemutex v0.0.0-20171028004239-d358565f3c3f
go: finding gopkg.in/yaml.v2 v2.2.1
go: finding github.com/prometheus/common v0.0.0-20181015124227-bcb74de08d37
go: finding github.com/grpc-ecosystem/go-grpc-prometheus v1.2.0
go: finding golang.org/x/net v0.0.0-20180724234803-3673e40ba225
go: finding golang.org/x/net v0.0.0-20180906233101-161cd47e91fd
go: finding github.com/hpcloud/tail v1.0.0
go: finding github.com/peterbourgon/diskv v2.0.1+incompatible
go: finding github.com/kr/text v0.1.0
go: finding google.golang.org/grpc v1.15.0
go: finding gopkg.in/alecthomas/kingpin.v2 v2.2.6
go: finding github.com/shurcooL/go v0.0.0-20180423040247-9e1955d9fb6e
go: finding gopkg.in/tomb.v1 v1.0.0-20141024135613-dd632973f1e7
go: finding google.golang.org/api v0.0.0-20181017004218-3f6e8463aa1d
go: finding github.com/mailru/easyjson v0.0.0-20180606163543-3fdea8d05856
go: finding github.com/dgrijalva/jwt-go v3.2.0+incompatible
go: finding github.com/xiang90/probing v0.0.0-20160813154853-07dd2e8dfe18
go: finding github.com/kisielk/gotool v1.0.0
go: finding github.com/gorilla/sessions v1.1.1
go: finding github.com/go-openapi/swag v0.17.0
go: finding github.com/mattn/go-isatty v0.0.3
go: finding github.com/denormal/go-gitignore v0.0.0-20180713143441-75ce8f3e513c
go: finding github.com/kr/pty v1.1.1
go: finding k8s.io/test-infra v0.0.0-20190107185424-8f27afa1a239
go: finding github.com/golang/glog v0.0.0-20160126235308-23def4e6c14b
go: finding gopkg.in/check.v1 v0.0.0-20161208181325-20d25e280405
go: finding github.com/smartystreets/goconvey v0.0.0-20180222194500-ef6db91d284a
go: finding github.com/chromedp/cdproto v0.0.0-20180703215205-c125a34ea3b3
go: finding cloud.google.com/go v0.26.0
go: finding github.com/client9/misspell v0.3.4
go: finding github.com/go-ole/go-ole v1.2.1
go: finding honnef.co/go/tools v0.0.0-20180728063816-88497007e858
go: finding github.com/hashicorp/vault v0.11.4
go: finding github.com/golang/mock v1.1.1
go: finding golang.org/x/text v0.3.0
go: finding golang.org/x/oauth2 v0.0.0-20180821212333-d2e6202438be
go: finding google.golang.org/api v0.0.0-20180910000450-7ca32eb868bf
go: finding golang.org/x/tools v0.0.0-20180828015842-6cd1fcedba52
go: finding github.com/inconshreveable/mousetrap v1.0.0
go: finding golang.org/x/net v0.0.0-20180826012351-8a410e7b638d
go: finding golang.org/x/sys v0.0.0-20180830151530-49385e6e1522
go: finding google.golang.org/genproto v0.0.0-20180817151627-c66870c02cf8
go: finding github.com/golang/lint v0.0.0-20180702182130-06c8688daad7
go: finding github.com/gorilla/securecookie v1.1.1
go: finding github.com/sergi/go-diff v1.0.0
go: finding go.opencensus.io v0.15.0
go: finding golang.org/x/lint v0.0.0-20180702182130-06c8688daad7
go: finding github.com/sirupsen/logrus v1.1.1
go: finding golang.org/x/image v0.0.0-20180628062038-cc896f830ced
go: finding google.golang.org/appengine v1.1.0
go: finding github.com/knq/sysutil v0.0.0-20180306023629-0218e141a794
go: finding gopkg.in/pipe.v2 v2.0.0-20140414041502-3c2ca4d52544
go: finding github.com/konsorten/go-windows-terminal-sequences v0.0.0-20180402223658-b729f2633dfe
go: finding golang.org/x/crypto v0.0.0-20180904163835-0709b304e793
go: finding golang.org/x/sys v0.0.0-20180905080454-ebe1bf3edb33
go: downloading github.com/blang/semver v3.5.1+incompatible
go: downloading github.com/heptio/sonobuoy v0.12.0
go: downloading github.com/chromedp/cdproto v0.0.0-20180720050708-57cf4773008d
go: downloading github.com/alexflint/go-filemutex v0.0.0-20171028004239-d358565f3c3f
go: downloading github.com/chromedp/chromedp v0.1.1
go: downloading k8s.io/api v0.0.0-20180628040859-072894a440bd+incompatible
go: downloading github.com/Pallinder/go-randomdata v0.0.0-20180616180521-15df0648130a
go: downloading github.com/stretchr/testify v1.2.2
go: downloading k8s.io/apimachinery v0.0.0-20180621070125-103fd098999d
go: downloading github.com/knative/build v0.0.0-20180906201914-846036c8b91d
go: downloading gopkg.in/yaml.v2 v2.2.1
go: downloading github.com/aws/aws-sdk-go v1.15.57
go: downloading k8s.io/test-infra v0.0.0-20190107185424-8f27afa1a239
go: downloading github.com/jenkins-x/draft-repo v0.0.0-20180417100212-2f66cc518135
go: downloading github.com/jenkins-x/golang-jenkins v0.0.0-20180919102630-65b83ad42314
go: downloading github.com/jetstack/cert-manager v0.5.2
go: downloading gopkg.in/src-d/go-git.v4 v4.5.0
go: downloading k8s.io/metrics v0.0.0-20180620010437-b11cf31b380b
go: downloading k8s.io/client-go v8.0.0+incompatible
go: downloading github.com/sirupsen/logrus v1.1.1
go: downloading github.com/golang/glog v0.0.0-20160126235308-23def4e6c14b
go: downloading github.com/spf13/cobra v0.0.3
go: downloading gopkg.in/src-d/go-billy.v4 v4.2.0
go: downloading k8s.io/helm v2.7.2+incompatible
go: downloading github.com/mailru/easyjson v0.0.0-20180823135443-60711f1a8329
go: downloading github.com/onsi/ginkgo v1.6.0
go: downloading github.com/IBM-Cloud/bluemix-go v0.0.0-20181008063305-d718d474c7c2
go: downloading github.com/pkg/browser v0.0.0-20170505125900-c90ca0c84f15
go: downloading github.com/jenkins-x/chyle v0.0.0-20180226080600-68f7a93a63ec
go: downloading golang.org/x/sync v0.0.0-20180314180146-1d60e4601c6f
go: downloading golang.org/x/crypto v0.0.0-20181203042331-505ab145d0a9
go: downloading github.com/russross/blackfriday v1.5.1
go: downloading github.com/pborman/uuid v0.0.0-20170612153648-e790cca94e6c
go: downloading github.com/BurntSushi/toml v0.3.0
go: downloading github.com/MakeNowJust/heredoc v0.0.0-20171113091838-e9091a26100e
go: downloading github.com/fatih/color v1.7.0
go: downloading github.com/gobwas/glob v0.2.3
go: downloading github.com/golang/protobuf v1.2.0
go: downloading github.com/cpuguy83/go-md2man v1.0.8
go: downloading github.com/codeship/codeship-go v0.0.0-20180717142545-7793ca823354
go: downloading github.com/Masterminds/semver v1.4.2
go: downloading github.com/Azure/draft v0.15.0
go: downloading github.com/peterbourgon/diskv v2.0.1+incompatible
go: downloading github.com/hpcloud/tail v1.0.0
go: downloading github.com/banzaicloud/bank-vaults v0.0.0-20181129101211-e31657d7c4fe
go: downloading github.com/mattn/go-isatty v0.0.3
go: downloading github.com/pkg/errors v0.8.0
go: downloading github.com/pmezard/go-difflib v1.0.0
go: downloading github.com/mattn/go-colorable v0.0.9
go: downloading k8s.io/apiextensions-apiserver v0.0.0-20180621085152-bbc52469f98b
go: downloading github.com/shirou/gopsutil v0.0.0-20180901134234-eb1f1ab16f2e
go: downloading github.com/hashicorp/go-version v0.0.0-20180716215031-270f2f71b1ee
go: downloading github.com/ghodss/yaml v1.0.0
go: downloading github.com/jbenet/go-context v0.0.0-20150711004518-d14ea06fba99
go: downloading github.com/cenkalti/backoff v2.0.0+incompatible
go: downloading github.com/spf13/pflag v1.0.1
go: downloading github.com/google/btree v0.0.0-20180813153112-4030bb1f1f0c
go: downloading github.com/stoewer/go-strcase v1.0.1
go: downloading github.com/prometheus/client_golang v0.9.0
go: downloading gopkg.in/AlecAivazis/survey.v1 v1.6.2
go: downloading github.com/prometheus/common v0.0.0-20181015124227-bcb74de08d37
go: downloading github.com/andygrunwald/go-jira v1.5.0
go: downloading github.com/satori/go.uuid v1.2.0
go: downloading github.com/gregjones/httpcache v0.0.0-20180305231024-9cad4c3443a7
go: downloading github.com/gorilla/mux v1.6.2
go: downloading github.com/rodaine/hclencoder v0.0.0-20180926060551-0680c4321930
go: downloading github.com/matttproud/golang_protobuf_extensions v1.0.1
go: downloading github.com/gogo/protobuf v1.1.1
go: downloading github.com/davecgh/go-spew v1.1.1
go: downloading github.com/knq/sysutil v0.0.0-20180306023629-0218e141a794
go: downloading github.com/bwmarrin/snowflake v0.0.0-20180412010544-68117e6bbede
go: downloading github.com/emirpasic/gods v1.9.0
go: downloading github.com/beorn7/perks v0.0.0-20180321164747-3a771d992973
go: downloading github.com/sethvargo/go-password v0.1.2
go: downloading github.com/kballard/go-shellquote v0.0.0-20180428030007-95032a82bc51
go: downloading golang.org/x/net v0.0.0-20181017193950-04a2e542c03f
go: downloading github.com/json-iterator/go v0.0.0-20180701071628-ab8a2e0c74be
go: downloading github.com/sergi/go-diff v1.0.0
go: downloading github.com/hashicorp/hcl v0.0.0-20180404174102-ef8a98b0bbce
go: downloading github.com/denormal/go-gitignore v0.0.0-20180713143441-75ce8f3e513c
go: downloading github.com/rifflock/lfshook v0.0.0-20180227222202-bf539943797a
go: downloading golang.org/x/oauth2 v0.0.0-20181017192945-9dcd33a902f4
go: downloading github.com/google/go-querystring v0.0.0-20170111101155-53e6ce116135
go: downloading github.com/hashicorp/golang-lru v0.0.0-20180201235237-0fb14efe8c47
go: downloading github.com/beevik/etree v1.0.1
go: downloading github.com/c2h5oh/datasize v0.0.0-20171227191756-4eba002a5eae
go: downloading github.com/xanzy/go-gitlab v0.0.0-20180814191223-f3bc634ab936
go: downloading github.com/fatih/structs v1.0.0
go: downloading gopkg.in/inf.v0 v0.9.1
go: downloading github.com/googleapis/gnostic v0.2.0
go: downloading github.com/prometheus/client_model v0.0.0-20180712105110-5c3871d89910
go: downloading gopkg.in/fsnotify.v1 v1.4.7
go: downloading github.com/andygrunwald/go-gerrit v0.0.0-20181026193842-43cfd7a94eb4
go: downloading github.com/src-d/gcfg v1.3.0
go: downloading github.com/modern-go/reflect2 v0.0.0-20180701023420-4b7aa43c6742
go: downloading github.com/danwakefield/fnmatch v0.0.0-20160403171240-cbb64ac3d964
go: downloading github.com/trivago/tgo v1.0.1
go: downloading github.com/mgutz/ansi v0.0.0-20170206155736-9520e82c474b
go: downloading github.com/gorilla/websocket v1.4.0
go: downloading github.com/hashicorp/vault v0.11.4
go: downloading golang.org/x/sys v0.0.0-20181206074257-70b957f3b65e
go: downloading gopkg.in/warnings.v0 v0.1.2
go: downloading golang.org/x/time v0.0.0-20180412165947-fbb02b2291d2
go: downloading github.com/shurcooL/githubv4 v0.0.0-20180509030948-19298c78142b
go: downloading github.com/mitchellh/mapstructure v0.0.0-20180715050151-f15292f7a699
go: downloading github.com/Jeffail/gabs v1.1.0
go: downloading github.com/shurcooL/graphql v0.0.0-20180514000029-62c9ce094e75
go: downloading github.com/gfleury/go-bitbucket-v1 v0.0.0-20181102191809-4910839b609e
go: downloading github.com/jmespath/go-jmespath v0.0.0-20180206201540-c2b33e8439af
go: downloading golang.org/x/text v0.3.0
go: downloading github.com/shurcooL/go v0.0.0-20180423040247-9e1955d9fb6e
go: downloading github.com/jbrukh/bayesian v0.0.0-20161210175230-bf3f261f9a9c
go: downloading github.com/gorilla/sessions v1.1.1
go: downloading github.com/google/go-github v17.0.0+incompatible
go: downloading code.gitea.io/sdk v0.0.0-20180702024448-79a281c4e34a
go: downloading github.com/nlopes/slack v0.0.0-20180721202243-347a74b1ea30
go: downloading github.com/prometheus/procfs v0.0.0-20181005140218-185b4288413d
go: downloading github.com/Azure/go-autorest v10.14.0+incompatible
go: downloading github.com/viniciuschiele/tarx v0.0.0-20151205142357-6e3da540444d
go: downloading k8s.io/kube-openapi v0.0.0-20180719232738-d8ea2fe547a4
go: downloading sigs.k8s.io/yaml v1.1.0
go: downloading github.com/gorilla/context v1.1.1
go: downloading gopkg.in/robfig/cron.v2 v2.0.0-20150107220207-be2e0b0deed5
go: downloading github.com/gorilla/securecookie v1.1.1
go: downloading github.com/imdario/mergo v0.3.5
go: downloading github.com/modern-go/concurrent v0.0.0-20180306012644-bacd9c7ef1dd
go: downloading github.com/go-ini/ini v1.39.0
go: downloading github.com/spf13/cast v1.2.0
go: downloading github.com/iancoleman/orderedmap v0.0.0-20181121102841-22c6ecc9fe13
go: downloading github.com/operator-framework/operator-sdk v0.0.0-20181011175812-913cbf711929
go: downloading github.com/spf13/viper v1.0.2
go: downloading github.com/google/gofuzz v0.0.0-20170612174753-24818f796faf
go: downloading cloud.google.com/go v0.30.0
go: downloading github.com/mitchellh/go-homedir v0.0.0-20180523094522-3864e76763d9
go: downloading github.com/pelletier/go-toml v1.2.0
go: downloading github.com/dgrijalva/jwt-go v3.2.0+incompatible
go: downloading github.com/gophercloud/gophercloud v0.0.0-20180721014243-9bb899a7c1d9
go: downloading github.com/wbrefvem/go-bitbucket v0.0.0-20180917214347-1c96061fe622
go: downloading github.com/kevinburke/ssh_config v0.0.0-20180317175531-9fc7bb800b55
go: downloading github.com/spf13/afero v1.1.1
go: downloading github.com/disintegration/imaging v1.4.2
go: downloading github.com/pelletier/go-buffruneio v0.2.0
go: downloading github.com/spf13/jwalterweatherman v0.0.0-20180109140146-7c0cea34c8ec
go: downloading google.golang.org/api v0.0.0-20181017004218-3f6e8463aa1d
go: downloading github.com/docker/spdystream v0.0.0-20170912183627-bc6354cbbc29
go: downloading github.com/magiconair/properties v1.8.0
go: downloading github.com/xanzy/ssh-agent v0.2.0
go: downloading golang.org/x/image v0.0.0-20180708004352-c73c2afc3b81
go: downloading github.com/fsnotify/fsnotify v1.4.7
go: downloading gopkg.in/tomb.v1 v1.0.0-20141024135613-dd632973f1e7
go: downloading google.golang.org/genproto v0.0.0-20181016170114-94acd270e44e
go: downloading google.golang.org/grpc v1.15.0
go: downloading github.com/googleapis/gax-go v2.0.0+incompatible
go: downloading go.opencensus.io v0.17.0
go: downloading github.com/hashicorp/go-cleanhttp v0.5.0
go: downloading github.com/hashicorp/go-rootcerts v0.0.0-20160503143440-6bb64b370b90
go: downloading github.com/hashicorp/go-multierror v1.0.0
go: downloading github.com/hashicorp/go-sockaddr v0.0.0-20180320115054-6d291a969b86
go: downloading github.com/hashicorp/go-retryablehttp v0.0.0-20180718195005-e651d75abec6
go: downloading github.com/hashicorp/errwrap v1.0.0
go: downloading github.com/golang/snappy v0.0.0-20180518054509-2e65f85255db
go: downloading github.com/pierrec/lz4 v2.0.5+incompatible
go: downloading github.com/ryanuber/go-glob v0.0.0-20170128012129-256dc444b735
[Pipeline] sh
+ git add .
+ git diff --exit-code HEAD
[Pipeline] sh
+ make test-slow-integration
go: downloading github.com/Netflix/go-expect v0.0.0-20180814212900-124a37274874
go: downloading github.com/hinshun/vt10x v0.0.0-20180809195222-d55458df857c
go: downloading github.com/acarl005/stripansi v0.0.0-20180116102854-5a71ef0e047d
go: downloading gocloud.dev v0.8.0
go: downloading github.com/kr/pty v1.1.2
go: downloading github.com/bouk/monkey v1.0.0
go: downloading github.com/petergtz/pegomock v0.0.0-20181206220228-b113d17a7e81
go: downloading github.com/onsi/gomega v1.4.1
go: downloading github.com/google/wire v0.2.0
?   	github.com/jenkins-x/jx/cmd/ip	[no test files]
# github.com/jenkins-x/jx/pkg/cloud/blob
pkg/cloud/blob/buckets.go:48:27: cannot use c (type *gcp.HTTPClient) as type string in argument to gcsblob.OpenBucket
pkg/cloud/blob/buckets.go:48:27: cannot use bucket (type string) as type *gcp.HTTPClient in argument to gcsblob.OpenBucket
pkg/cloud/blob/buckets.go:63:26: cannot use s (type *session.Session) as type string in argument to s3blob.OpenBucket
pkg/cloud/blob/buckets.go:63:26: cannot use bucket (type string) as type client.ConfigProvider in argument to s3blob.OpenBucket:
	string does not implement client.ConfigProvider (missing ClientConfig method)
?   	github.com/jenkins-x/jx/cmd/jx	[no test files]
?   	github.com/jenkins-x/jx/cmd/jx/app	[no test files]
?   	github.com/jenkins-x/jx/pkg/addon	[no test files]
?   	github.com/jenkins-x/jx/pkg/apis/jenkins.io	[no test files]
?   	github.com/jenkins-x/jx/pkg/apis/jenkins.io/v1	[no test files]
ok  	github.com/jenkins-x/jx/pkg/auth	0.926s	coverage: 33.7% of statements
?   	github.com/jenkins-x/jx/pkg/auth/mocks	[no test files]
ok  	github.com/jenkins-x/jx/pkg/binaries	0.173s	coverage: 55.6% of statements
ok  	github.com/jenkins-x/jx/pkg/buildnum	0.503s	coverage: 44.2% of statements
?   	github.com/jenkins-x/jx/pkg/buildnum/mocks	[no test files]
?   	github.com/jenkins-x/jx/pkg/buildnum/mocks/matchers	[no test files]
ok  	github.com/jenkins-x/jx/pkg/builds	0.809s	coverage: 49.8% of statements
?   	github.com/jenkins-x/jx/pkg/certmanager	[no test files]
?   	github.com/jenkins-x/jx/pkg/chats	[no test files]
?   	github.com/jenkins-x/jx/pkg/client/clientset/versioned	[no test files]
?   	github.com/jenkins-x/jx/pkg/client/clientset/versioned/fake	[no test files]
?   	github.com/jenkins-x/jx/pkg/client/clientset/versioned/scheme	[no test files]
?   	github.com/jenkins-x/jx/pkg/client/clientset/versioned/typed/jenkins.io/v1	[no test files]
?   	github.com/jenkins-x/jx/pkg/client/clientset/versioned/typed/jenkins.io/v1/fake	[no test files]
?   	github.com/jenkins-x/jx/pkg/client/informers/externalversions	[no test files]
?   	github.com/jenkins-x/jx/pkg/client/informers/externalversions/internalinterfaces	[no test files]
?   	github.com/jenkins-x/jx/pkg/client/informers/externalversions/jenkins.io	[no test files]
?   	github.com/jenkins-x/jx/pkg/client/informers/externalversions/jenkins.io/v1	[no test files]
?   	github.com/jenkins-x/jx/pkg/client/listers/jenkins.io/v1	[no test files]
ok  	github.com/jenkins-x/jx/pkg/cloud/aks	0.192s	coverage: 81.2% of statements
ok  	github.com/jenkins-x/jx/pkg/cloud/amazon	0.361s	coverage: 8.9% of statements
ok  	github.com/jenkins-x/jx/pkg/cloud/gke	0.753s	coverage: 3.2% of statements
ok  	github.com/jenkins-x/jx/pkg/config	0.410s	coverage: 18.6% of statements
ok  	github.com/jenkins-x/jx/pkg/cve	0.494s	coverage: 43.0% of statements
ok  	github.com/jenkins-x/jx/pkg/extensions	0.605s	coverage: 19.4% of statements
ok  	github.com/jenkins-x/jx/pkg/gits	66.043s	coverage: 23.9% of statements
ok  	github.com/jenkins-x/jx/pkg/helm	0.719s	coverage: 32.2% of statements
ok  	github.com/jenkins-x/jx/pkg/io	0.430s	coverage: 67.9% of statements
ok  	github.com/jenkins-x/jx/pkg/io/secrets	0.286s	coverage: 52.4% of statements
ok  	github.com/jenkins-x/jx/pkg/jenkinsfile	0.286s	coverage: 12.0% of statements
ok  	github.com/jenkins-x/jx/pkg/jx/cmd	108.158s	coverage: 23.3% of statements
ok  	github.com/jenkins-x/jx/pkg/kube	2.715s	coverage: 29.5% of statements
ok  	github.com/jenkins-x/jx/pkg/kube/pki	10.825s	coverage: 56.5% of statements
ok  	github.com/jenkins-x/jx/pkg/kube/vault	0.739s	coverage: 64.9% of statements
ok  	github.com/jenkins-x/jx/pkg/prow	1.645s	coverage: 79.6% of statements
ok  	github.com/jenkins-x/jx/pkg/prow/config	1.416s	coverage: 10.1% of statements
ok  	github.com/jenkins-x/jx/pkg/quickstarts	0.544s	coverage: 18.4% of statements
ok  	github.com/jenkins-x/jx/pkg/reports	0.183s	coverage: 39.7% of statements
ok  	github.com/jenkins-x/jx/pkg/surveyutils	0.455s	coverage: 0.9% of statements
ok  	github.com/jenkins-x/jx/pkg/terraform	0.105s	coverage: 6.8% of statements
ok  	github.com/jenkins-x/jx/pkg/users	0.641s	coverage: 0.0% of statements [no tests to run]
ok  	github.com/jenkins-x/jx/pkg/util	10.390s	coverage: 24.2% of statements
ok  	github.com/jenkins-x/jx/pkg/util/system	0.291s	coverage: 33.3% of statements
ok  	github.com/jenkins-x/jx/pkg/vault	1.225s	coverage: 4.8% of statements
ok  	github.com/jenkins-x/jx/pkg/version	0.104s	coverage: 40.0% of statements
Makefile:98: recipe for target 'test-slow-integration' failed
make: *** [test-slow-integration] Error 2
[Pipeline] }
[Pipeline] // dir
[Pipeline] }
[Pipeline] // stage
[Pipeline] stage
[Pipeline] { (Build and Release)
Stage "Build and Release" skipped due to earlier failure(s)
[Pipeline] }
[Pipeline] // stage
[Pipeline] }
[Pipeline] // withEnv
[Pipeline] }
[Pipeline] // withCredentials
[Pipeline] }
[Pipeline] // node
[Pipeline] End of Pipeline
ERROR: script returned exit code 2
Finished: FAILURE
