Step: build-step-credential-initializer:

Step: build-step-git-source:

Step: build-step-continuous-integration:

cat: ./VERSION: No such file or directory
rm -rf charts
rm -rf jx-build-templates*.tgz
rm -rf requirements.lock
helm init --client-only
Creating /builder/home/.helm 
Creating /builder/home/.helm/repository 
Creating /builder/home/.helm/repository/cache 
Creating /builder/home/.helm/repository/local 
Creating /builder/home/.helm/plugins 
Creating /builder/home/.helm/starters 
Creating /builder/home/.helm/cache/archive 
Creating /builder/home/.helm/repository/repositories.yaml 
Adding stable repo with URL: https://kubernetes-charts.storage.googleapis.com 
Adding local repo with URL: http://127.0.0.1:8879/charts 
$HELM_HOME has been configured at /builder/home/.helm.
Not installing Tiller due to 'client-only' flag having been set
Happy Helming!
helm repo add jenkinsxio http://chartmuseum.jenkins-x.io 
"jenkinsxio" has been added to your repositories
helm dependency build
No requirements found in ./charts.
helm lint
==> Linting .
Lint OK

1 chart(s) linted, no failures
